This is XeTeX, Version 3.141592653-2.6-0.999993 (TeX Live 2021) (preloaded format=xelatex 2021.10.11)  25 AUG 2022 17:10
entering extended mode
 restricted \write18 enabled.
 %&-line parsing enabled.
**index.tex
(./index.tex
LaTeX2e <2020-10-01> patch level 4
L3 programming layer <2021-02-18> (/usr/local/texlive/2021/texmf-dist/tex/latex
/koma-script/scrreport.cls
Document Class: scrreport 2021/03/17 v3.33 KOMA-Script document class (report)
(/usr/local/texlive/2021/texmf-dist/tex/latex/koma-script/scrreprt.cls
Document Class: scrreprt 2021/03/17 v3.33 KOMA-Script document class (report)
(/usr/local/texlive/2021/texmf-dist/tex/latex/koma-script/scrkbase.sty
Package: scrkbase 2021/03/17 v3.33 KOMA-Script package (KOMA-Script-dependent b
asics and keyval usage)
(/usr/local/texlive/2021/texmf-dist/tex/latex/koma-script/scrbase.sty
Package: scrbase 2021/03/17 v3.33 KOMA-Script package (KOMA-Script-independent 
basics and keyval usage)
(/usr/local/texlive/2021/texmf-dist/tex/latex/koma-script/scrlfile.sty
Package: scrlfile 2021/03/17 v3.33 KOMA-Script package (file load hooks)
(/usr/local/texlive/2021/texmf-dist/tex/latex/koma-script/scrlfile-hook.sty
Package: scrlfile-hook 2021/03/17 v3.33 KOMA-Script package (using LaTeX hooks)


LaTeX3 Info: Defining command \BeforeFile with sig. 'm' on line 61.


LaTeX3 Info: Defining command \AfterFile with sig. 'm' on line 65.


LaTeX3 Info: Defining command \BeforeClass with sig. 'm' on line 69.


LaTeX3 Info: Defining command \BeforePackage with sig. 'm' on line 73.


LaTeX3 Info: Defining command \AfterAtEndOfClass with sig. 'smo+m' on line 83.


LaTeX3 Info: Defining command \AfterAtEndOfPackage with sig. 'smo+m' on line
(LaTeX3)     93.


LaTeX3 Info: Defining command \scrlfile@AfterClass with sig. 'smo+m' on line
(LaTeX3)     173.


LaTeX3 Info: Defining command \AfterClass with sig. '' on line 174.


LaTeX3 Info: Defining command \scrlfile@AfterPackage with sig. 'smo+m' on line
(LaTeX3)     191.


LaTeX3 Info: Defining command \AfterPackage with sig. '' on line 192.


LaTeX3 Info: Defining command \ReplaceInput with sig. '' on line 193.


LaTeX3 Info: Defining command \ReplaceClass with sig. 'mm' on line 196.


LaTeX3 Info: Defining command \ReplacePackage with sig. 'mm' on line 199.


LaTeX3 Info: Defining command \UnReplaceInput with sig. '' on line 200.


LaTeX3 Info: Defining command \UnReplaceClass with sig. 'm' on line 203.


LaTeX3 Info: Defining command \UnReplacePackage with sig. 'mm' on line 206.


LaTeX3 Info: Defining command \PreventPackageFromLoading with sig. 's+om' on
(LaTeX3)     line 234.


LaTeX3 Info: Defining command \StorePreventPackageFromLoading with sig. 'm' on
(LaTeX3)     line 242.


LaTeX3 Info: Defining command \ResetPreventPackageFromLoading with sig. '' on
(LaTeX3)     line 247.


LaTeX3 Info: Defining command \UnPreventPackageFromLoading with sig. 'sm' on
(LaTeX3)     line 261.


LaTeX3 Info: Defining command \BeforeClosingMainAux with sig. 'om' on line
(LaTeX3)     274.


LaTeX3 Info: Defining command \AfterReadingMainAux with sig. 'om' on line 287.


LaTeX3 Info: Defining command \protected@immediate@write with sig. 'm+m+m' on
(LaTeX3)     line 298.

(/usr/local/texlive/2021/texmf-dist/tex/latex/koma-script/scrlogo.sty
Package: scrlogo 2021/03/17 v3.33 KOMA-Script package (logo)
))) (/usr/local/texlive/2021/texmf-dist/tex/latex/graphics/keyval.sty
Package: keyval 2014/10/28 v1.15 key=value parser (DPC)
\KV@toks@=\toks15
)
Skipping: [2021/05/01] Usage of raw option list on input line 252.
Applying: [0000/00/00] compatibility for LaTeX before 2021/05/01 on input line 
337.
)) (/usr/local/texlive/2021/texmf-dist/tex/latex/koma-script/tocbasic.sty
Package: tocbasic 2021/03/17 v3.33 KOMA-Script package (handling toc-files)
\scr@dte@tocline@numberwidth=\skip47
\scr@dte@tocline@numbox=\box47
)
Package tocbasic Info: babel extension for `toc' omitted
(tocbasic)             because of missing \bbl@set@language on input line 137.
Class scrreprt Info: You've used standard option `oneside'.
(scrreprt)           This is correct!
(scrreprt)           Internally I'm using `twoside=false'.
(scrreprt)           If you'd like to set the option with \KOMAoptions,
(scrreprt)           you'd have to use `twoside=false' there
(scrreprt)           instead of `oneside', too.
Class scrreprt Info: File `scrsize11pt.clo' used instead of
(scrreprt)           file `scrsize11.clo' to setup font sizes on input line 245
1.
(/usr/local/texlive/2021/texmf-dist/tex/latex/koma-script/scrsize11pt.clo
File: scrsize11pt.clo 2021/03/17 v3.33 KOMA-Script font size class option (11pt
)
) (/usr/local/texlive/2021/texmf-dist/tex/latex/koma-script/typearea.sty
Package: typearea 2021/03/17 v3.33 KOMA-Script package (type area)
\ta@bcor=\skip48
\ta@div=\count175
Package typearea Info: You've used standard option `letterpaper'.
(typearea)             This is correct!
(typearea)             Internally I'm using `paper=letter'.
(typearea)             If you'd like to set the option with \KOMAoptions,
(typearea)             you'd have to use `paper=letter' there
(typearea)             instead of `letterpaper', too.
Package typearea Info: You've used standard option `oneside'.
(typearea)             This is correct!
(typearea)             Internally I'm using `twoside=false'.
(typearea)             If you'd like to set the option with \KOMAoptions,
(typearea)             you'd have to use `twoside=false' there
(typearea)             instead of `oneside', too.
\ta@hblk=\skip49
\ta@vblk=\skip50
\ta@temp=\skip51
\footheight=\skip52
Package typearea Info: These are the values describing the layout:
(typearea)             DIV  = 11
(typearea)             BCOR = 0.0pt
(typearea)             \paperwidth      = 614.295pt
(typearea)              \textwidth      = 446.76004pt
(typearea)              DIV departure   = -14%
(typearea)              \evensidemargin = 11.49748pt
(typearea)              \oddsidemargin  = 11.49748pt
(typearea)             \paperheight     = 794.96999pt
(typearea)              \textheight     = 582.20026pt
(typearea)              \topmargin      = -37.40001pt
(typearea)              \headheight     = 17.0pt
(typearea)              \headsep        = 20.40001pt
(typearea)              \topskip        = 11.0pt
(typearea)              \footskip       = 47.6pt
(typearea)              \baselineskip   = 13.6pt
(typearea)              on input line 1741.
)
\c@part=\count176
\c@chapter=\count177
\c@section=\count178
\c@subsection=\count179
\c@subsubsection=\count180
\c@paragraph=\count181
\c@subparagraph=\count182
\scr@dte@chapter@maxnumwidth=\skip53
Class scrreprt Info: using compatibility default `afterindent=bysign'
(scrreprt)           for `\chapter on input line 5678.
\scr@dte@section@maxnumwidth=\skip54
Class scrreprt Info: using compatibility default `runin=bysign'
(scrreprt)           for `\section on input line 5689.
Class scrreprt Info: using compatibility default `afterindent=bysign'
(scrreprt)           for `\section on input line 5689.
\scr@dte@part@maxnumwidth=\skip55
Class scrreprt Info: using compatibility default `afterindent=true'
(scrreprt)           for `\part on input line 5698.
\scr@dte@subsection@maxnumwidth=\skip56
Class scrreprt Info: using compatibility default `runin=bysign'
(scrreprt)           for `\subsection on input line 5708.
Class scrreprt Info: using compatibility default `afterindent=bysign'
(scrreprt)           for `\subsection on input line 5708.
\scr@dte@subsubsection@maxnumwidth=\skip57
Class scrreprt Info: using compatibility default `runin=bysign'
(scrreprt)           for `\subsubsection on input line 5718.
Class scrreprt Info: using compatibility default `afterindent=bysign'
(scrreprt)           for `\subsubsection on input line 5718.
\scr@dte@paragraph@maxnumwidth=\skip58
Class scrreprt Info: using compatibility default `runin=bysign'
(scrreprt)           for `\paragraph on input line 5729.
Class scrreprt Info: using compatibility default `afterindent=bysign'
(scrreprt)           for `\paragraph on input line 5729.
\scr@dte@subparagraph@maxnumwidth=\skip59
Class scrreprt Info: using compatibility default `runin=bysign'
(scrreprt)           for `\subparagraph on input line 5739.
Class scrreprt Info: using compatibility default `afterindent=bysign'
(scrreprt)           for `\subparagraph on input line 5739.
\abovecaptionskip=\skip60
\belowcaptionskip=\skip61
\c@pti@nb@sid@b@x=\box48
Package tocbasic Info: babel extension for `lof' omitted
(tocbasic)             because of missing \bbl@set@language on input line 6976.

\scr@dte@figure@maxnumwidth=\skip62
\c@figure=\count183
Package tocbasic Info: babel extension for `lot' omitted
(tocbasic)             because of missing \bbl@set@language on input line 6993.

\scr@dte@table@maxnumwidth=\skip63
\c@table=\count184
Class scrreprt Info: Redefining `\numberline' on input line 7162.
\bibindent=\dimen138
)) (/usr/local/texlive/2021/texmf-dist/tex/latex/amsmath/amsmath.sty
Package: amsmath 2020/09/23 v2.17i AMS math features
\@mathmargin=\skip64
For additional information on amsmath, use the `?' option.
(/usr/local/texlive/2021/texmf-dist/tex/latex/amsmath/amstext.sty
Package: amstext 2000/06/29 v2.01 AMS text
(/usr/local/texlive/2021/texmf-dist/tex/latex/amsmath/amsgen.sty
File: amsgen.sty 1999/11/30 v2.0 generic functions
\@emptytoks=\toks16
\ex@=\dimen139
)) (/usr/local/texlive/2021/texmf-dist/tex/latex/amsmath/amsbsy.sty
Package: amsbsy 1999/11/29 v1.2d Bold Symbols
\pmbraise@=\dimen140
) (/usr/local/texlive/2021/texmf-dist/tex/latex/amsmath/amsopn.sty
Package: amsopn 2016/03/08 v2.02 operator names
)
\inf@bad=\count185
LaTeX Info: Redefining \frac on input line 234.
\uproot@=\count186
\leftroot@=\count187
LaTeX Info: Redefining \overline on input line 399.
\classnum@=\count188
\DOTSCASE@=\count189
LaTeX Info: Redefining \ldots on input line 496.
LaTeX Info: Redefining \dots on input line 499.
LaTeX Info: Redefining \cdots on input line 620.
\Mathstrutbox@=\box49
\strutbox@=\box50
\big@size=\dimen141
LaTeX Font Info:    Redeclaring font encoding OML on input line 743.
LaTeX Font Info:    Redeclaring font encoding OMS on input line 744.
\macc@depth=\count190
\c@MaxMatrixCols=\count191
\dotsspace@=\muskip16
\c@parentequation=\count192
\dspbrk@lvl=\count193
\tag@help=\toks17
\row@=\count194
\column@=\count195
\maxfields@=\count196
\andhelp@=\toks18
\eqnshift@=\dimen142
\alignsep@=\dimen143
\tagshift@=\dimen144
\tagwidth@=\dimen145
\totwidth@=\dimen146
\lineht@=\dimen147
\@envbody=\toks19
\multlinegap=\skip65
\multlinetaggap=\skip66
\mathdisplay@stack=\toks20
LaTeX Info: Redefining \[ on input line 2923.
LaTeX Info: Redefining \] on input line 2924.
) (/usr/local/texlive/2021/texmf-dist/tex/latex/amsfonts/amssymb.sty
Package: amssymb 2013/01/14 v3.01 AMS font symbols
(/usr/local/texlive/2021/texmf-dist/tex/latex/amsfonts/amsfonts.sty
Package: amsfonts 2013/01/14 v3.01 Basic AMSFonts support
\symAMSa=\mathgroup4
\symAMSb=\mathgroup5
LaTeX Font Info:    Redeclaring math symbol \hbar on input line 98.
LaTeX Font Info:    Overwriting math alphabet `\mathfrak' in version `bold'
(Font)                  U/euf/m/n --> U/euf/b/n on input line 106.
)) (/usr/local/texlive/2021/texmf-dist/tex/latex/lm/lmodern.sty
Package: lmodern 2015/05/01 v1.6.1 Latin Modern Fonts
LaTeX Font Info:    Overwriting symbol font `operators' in version `normal'
(Font)                  OT1/cmr/m/n --> OT1/lmr/m/n on input line 22.
LaTeX Font Info:    Overwriting symbol font `letters' in version `normal'
(Font)                  OML/cmm/m/it --> OML/lmm/m/it on input line 23.
LaTeX Font Info:    Overwriting symbol font `symbols' in version `normal'
(Font)                  OMS/cmsy/m/n --> OMS/lmsy/m/n on input line 24.
LaTeX Font Info:    Overwriting symbol font `largesymbols' in version `normal'
(Font)                  OMX/cmex/m/n --> OMX/lmex/m/n on input line 25.
LaTeX Font Info:    Overwriting symbol font `operators' in version `bold'
(Font)                  OT1/cmr/bx/n --> OT1/lmr/bx/n on input line 26.
LaTeX Font Info:    Overwriting symbol font `letters' in version `bold'
(Font)                  OML/cmm/b/it --> OML/lmm/b/it on input line 27.
LaTeX Font Info:    Overwriting symbol font `symbols' in version `bold'
(Font)                  OMS/cmsy/b/n --> OMS/lmsy/b/n on input line 28.
LaTeX Font Info:    Overwriting symbol font `largesymbols' in version `bold'
(Font)                  OMX/cmex/m/n --> OMX/lmex/m/n on input line 29.
LaTeX Font Info:    Overwriting math alphabet `\mathbf' in version `normal'
(Font)                  OT1/cmr/bx/n --> OT1/lmr/bx/n on input line 31.
LaTeX Font Info:    Overwriting math alphabet `\mathsf' in version `normal'
(Font)                  OT1/cmss/m/n --> OT1/lmss/m/n on input line 32.
LaTeX Font Info:    Overwriting math alphabet `\mathit' in version `normal'
(Font)                  OT1/cmr/m/it --> OT1/lmr/m/it on input line 33.
LaTeX Font Info:    Overwriting math alphabet `\mathtt' in version `normal'
(Font)                  OT1/cmtt/m/n --> OT1/lmtt/m/n on input line 34.
LaTeX Font Info:    Overwriting math alphabet `\mathbf' in version `bold'
(Font)                  OT1/cmr/bx/n --> OT1/lmr/bx/n on input line 35.
LaTeX Font Info:    Overwriting math alphabet `\mathsf' in version `bold'
(Font)                  OT1/cmss/bx/n --> OT1/lmss/bx/n on input line 36.
LaTeX Font Info:    Overwriting math alphabet `\mathit' in version `bold'
(Font)                  OT1/cmr/bx/it --> OT1/lmr/bx/it on input line 37.
LaTeX Font Info:    Overwriting math alphabet `\mathtt' in version `bold'
(Font)                  OT1/cmtt/m/n --> OT1/lmtt/m/n on input line 38.
) (/usr/local/texlive/2021/texmf-dist/tex/generic/iftex/iftex.sty
Package: iftex 2020/03/06 v1.0d TeX engine tests
) (/usr/local/texlive/2021/texmf-dist/tex/latex/unicode-math/unicode-math.sty (
/usr/local/texlive/2021/texmf-dist/tex/latex/l3kernel/expl3.sty
Package: expl3 2021-02-18 L3 programming layer (loader) 
(/usr/local/texlive/2021/texmf-dist/tex/latex/l3backend/l3backend-xetex.def
File: l3backend-xetex.def 2021-03-18 L3 backend support: XeTeX
(|extractbb --version)
\c__kernel_sys_dvipdfmx_version_int=\count197
\l__color_backend_stack_int=\count198
\g__color_backend_stack_int=\count199
\g__graphics_track_int=\count266
\l__pdf_internal_box=\box51
\g__pdf_backend_object_int=\count267
\g__pdf_backend_annotation_int=\count268
\g__pdf_backend_link_int=\count269
))
Package: unicode-math 2020/01/31 v0.8q Unicode maths in XeLaTeX and LuaLaTeX

(/usr/local/texlive/2021/texmf-dist/tex/latex/unicode-math/unicode-math-xetex.s
ty
Package: unicode-math-xetex 2020/01/31 v0.8q Unicode maths in XeLaTeX and LuaLa
TeX
(/usr/local/texlive/2021/texmf-dist/tex/latex/l3packages/xparse/xparse.sty
(/usr/local/texlive/2021/texmf-dist/tex/latex/l3packages/xparse/xparse-2020-10-
01.sty
(/usr/local/texlive/2021/texmf-dist/tex/latex/l3packages/xparse/xparse-generic.
tex))) (/usr/local/texlive/2021/texmf-dist/tex/latex/l3packages/l3keys2e/l3keys
2e.sty
Package: l3keys2e 2021-03-12 LaTeX2e option processing using LaTeX3 keys
) (/usr/local/texlive/2021/texmf-dist/tex/latex/fontspec/fontspec.sty
Package: fontspec 2020/02/21 v2.7i Font selection for XeLaTeX and LuaLaTeX
(/usr/local/texlive/2021/texmf-dist/tex/latex/fontspec/fontspec-xetex.sty
Package: fontspec-xetex 2020/02/21 v2.7i Font selection for XeLaTeX and LuaLaTe
X
\l__fontspec_script_int=\count270
\l__fontspec_language_int=\count271
\l__fontspec_strnum_int=\count272
\l__fontspec_tmp_int=\count273
\l__fontspec_tmpa_int=\count274
\l__fontspec_tmpb_int=\count275
\l__fontspec_tmpc_int=\count276
\l__fontspec_em_int=\count277
\l__fontspec_emdef_int=\count278
\l__fontspec_strong_int=\count279
\l__fontspec_strongdef_int=\count280
\l__fontspec_tmpa_dim=\dimen148
\l__fontspec_tmpb_dim=\dimen149
\l__fontspec_tmpc_dim=\dimen150
(/usr/local/texlive/2021/texmf-dist/tex/latex/base/fontenc.sty
Package: fontenc 2020/08/10 v2.0s Standard LaTeX package
) (/usr/local/texlive/2021/texmf-dist/tex/latex/fontspec/fontspec.cfg))) (/usr/
local/texlive/2021/texmf-dist/tex/latex/base/fix-cm.sty
Package: fix-cm 2015/01/14 v1.1t fixes to LaTeX
(/usr/local/texlive/2021/texmf-dist/tex/latex/base/ts1enc.def
File: ts1enc.def 2001/06/05 v3.0e (jk/car/fm) Standard LaTeX file
LaTeX Font Info:    Redeclaring font encoding TS1 on input line 47.
))
\g__um_fam_int=\count281
\g__um_fonts_used_int=\count282
\l__um_primecount_int=\count283
\g__um_primekern_muskip=\muskip17

(/usr/local/texlive/2021/texmf-dist/tex/latex/unicode-math/unicode-math-table.t
ex))) (/usr/local/texlive/2021/texmf-dist/tex/latex/upquote/upquote.sty
Package: upquote 2012/04/19 v1.3 upright-quote and grave-accent glyphs in verba
tim
(/usr/local/texlive/2021/texmf-dist/tex/latex/base/textcomp.sty
Package: textcomp 2020/02/02 v2.0n Standard LaTeX package
)) (/usr/local/texlive/2021/texmf-dist/tex/latex/microtype/microtype.sty
Package: microtype 2021/03/14 v2.8c Micro-typographical refinements (RS)
\MT@toks=\toks21
\MT@count=\count284
LaTeX Info: Redefining \textls on input line 790.
\MT@outer@kern=\dimen151
LaTeX Info: Redefining \textmicrotypecontext on input line 1374.
\MT@listname@count=\count285
(/usr/local/texlive/2021/texmf-dist/tex/latex/microtype/microtype-xetex.def
File: microtype-xetex.def 2021/03/14 v2.8c Definitions specific to xetex (RS)
LaTeX Info: Redefining \lsstyle on input line 254.
)
Package microtype Info: Loading configuration file microtype.cfg.
(/usr/local/texlive/2021/texmf-dist/tex/latex/microtype/microtype.cfg
File: microtype.cfg 2021/03/14 v2.8c microtype main configuration file (RS)
)) (/usr/local/texlive/2021/texmf-dist/tex/latex/xcolor/xcolor.sty
Package: xcolor 2016/05/11 v2.12 LaTeX color extensions (UK)
(/usr/local/texlive/2021/texmf-dist/tex/latex/graphics-cfg/color.cfg
File: color.cfg 2016/01/02 v1.6 sample color configuration
)
Package xcolor Info: Driver file: xetex.def on input line 225.
(/usr/local/texlive/2021/texmf-dist/tex/latex/graphics-def/xetex.def
File: xetex.def 2021/03/18 v5.0k Graphics/color driver for xetex
)
Package xcolor Info: Model `cmy' substituted by `cmy0' on input line 1348.
Package xcolor Info: Model `RGB' extended on input line 1364.
Package xcolor Info: Model `HTML' substituted by `rgb' on input line 1366.
Package xcolor Info: Model `Hsb' substituted by `hsb' on input line 1367.
Package xcolor Info: Model `tHsb' substituted by `hsb' on input line 1368.
Package xcolor Info: Model `HSB' substituted by `hsb' on input line 1369.
Package xcolor Info: Model `Gray' substituted by `gray' on input line 1370.
Package xcolor Info: Model `wave' substituted by `hsb' on input line 1371.
(/usr/local/texlive/2021/texmf-dist/tex/latex/graphics/dvipsnam.def
File: dvipsnam.def 2016/06/17 v3.0m Driver-dependent file (DPC,SPQR)
) (/usr/local/texlive/2021/texmf-dist/tex/latex/xcolor/svgnam.def
File: svgnam.def 2016/05/11 v2.12 Predefined colors according to SVG 1.1 (UK)
) (/usr/local/texlive/2021/texmf-dist/tex/latex/xcolor/x11nam.def
File: x11nam.def 2016/05/11 v2.12 Predefined colors according to Unix/X11 (UK)
)) (/usr/local/texlive/2021/texmf-dist/tex/latex/geometry/geometry.sty
Package: geometry 2020/01/02 v5.9 Page Geometry
(/usr/local/texlive/2021/texmf-dist/tex/generic/iftex/ifvtex.sty
Package: ifvtex 2019/10/25 v1.7 ifvtex legacy package. Use iftex instead.
)
\Gm@cnth=\count286
\Gm@cntv=\count287
\c@Gm@tempcnt=\count288
\Gm@bindingoffset=\dimen152
\Gm@wd@mp=\dimen153
\Gm@odd@mp=\dimen154
\Gm@even@mp=\dimen155
\Gm@layoutwidth=\dimen156
\Gm@layoutheight=\dimen157
\Gm@layouthoffset=\dimen158
\Gm@layoutvoffset=\dimen159
\Gm@dimlist=\toks22
) (/usr/local/texlive/2021/texmf-dist/tex/generic/ulem/ulem.sty
\UL@box=\box52
\UL@hyphenbox=\box53
\UL@skip=\skip67
\UL@hook=\toks23
\UL@height=\dimen160
\UL@pe=\count289
\UL@pixel=\dimen161
\ULC@box=\box54
Package: ulem 2019/11/18
\ULdepth=\dimen162
) (/usr/local/texlive/2021/texmf-dist/tex/latex/fancyvrb/fancyvrb.sty
Package: fancyvrb 2021/01/20 v3.7 verbatim text (tvz,hv)
\FV@CodeLineNo=\count290
\FV@InFile=\read2
\FV@TabBox=\box55
\c@FancyVerbLine=\count291
\FV@StepNumber=\count292
\FV@OutFile=\write3
) (/usr/local/texlive/2021/texmf-dist/tex/latex/framed/framed.sty
Package: framed 2011/10/22 v 0.96: framed or shaded text with page breaks
\OuterFrameSep=\skip68
\fb@frw=\dimen163
\fb@frh=\dimen164
\FrameRule=\dimen165
\FrameSep=\dimen166
) (/usr/local/texlive/2021/texmf-dist/tex/latex/tools/longtable.sty
Package: longtable 2020/01/07 v4.13 Multi-page Table package (DPC)
\LTleft=\skip69
\LTright=\skip70
\LTpre=\skip71
\LTpost=\skip72
\LTchunksize=\count293
\LTcapwidth=\dimen167
\LT@head=\box56
\LT@firsthead=\box57
\LT@foot=\box58
\LT@lastfoot=\box59
\LT@cols=\count294
\LT@rows=\count295
\c@LT@tables=\count296
\c@LT@chunks=\count297
\LT@p@ftn=\toks24
)
Class scrreprt Info: longtable captions redefined on input line 97.
(/usr/local/texlive/2021/texmf-dist/tex/latex/booktabs/booktabs.sty
Package: booktabs 2020/01/12 v1.61803398 Publication quality tables
\heavyrulewidth=\dimen168
\lightrulewidth=\dimen169
\cmidrulewidth=\dimen170
\belowrulesep=\dimen171
\belowbottomsep=\dimen172
\aboverulesep=\dimen173
\abovetopsep=\dimen174
\cmidrulesep=\dimen175
\cmidrulekern=\dimen176
\defaultaddspace=\dimen177
\@cmidla=\count298
\@cmidlb=\count299
\@aboverulesep=\dimen178
\@belowrulesep=\dimen179
\@thisruleclass=\count300
\@lastruleclass=\count301
\@thisrulewidth=\dimen180
) (/usr/local/texlive/2021/texmf-dist/tex/latex/tools/array.sty
Package: array 2020/10/01 v2.5c Tabular extension package (FMi)
\col@sep=\dimen181
\ar@mcellbox=\box60
\extrarowheight=\dimen182
\NC@list=\toks25
\extratabsurround=\skip73
\backup@length=\skip74
\ar@cellbox=\box61
) (/usr/local/texlive/2021/texmf-dist/tex/latex/tools/calc.sty
Package: calc 2017/05/25 v4.3 Infix arithmetic (KKT,FJ)
\calc@Acount=\count302
\calc@Bcount=\count303
\calc@Adimen=\dimen183
\calc@Bdimen=\dimen184
\calc@Askip=\skip75
\calc@Bskip=\skip76
LaTeX Info: Redefining \setlength on input line 80.
LaTeX Info: Redefining \addtolength on input line 81.
\calc@Ccount=\count304
\calc@Cskip=\skip77
) (/usr/local/texlive/2021/texmf-dist/tex/latex/etoolbox/etoolbox.sty
Package: etoolbox 2020/10/05 v2.5k e-TeX tools for LaTeX (JAW)
\etb@tempcnta=\count305
) (/usr/local/texlive/2021/texmf-dist/tex/latex/footnotehyper/footnotehyper.sty
Package: footnotehyper 2021/02/04 v1.1d hyperref aware footnote.sty (JFB)
\FNH@notes=\box62
\FNH@width=\dimen185
\FNH@toks=\toks26
) (/usr/local/texlive/2021/texmf-dist/tex/latex/graphics/graphicx.sty
Package: graphicx 2020/09/09 v1.2b Enhanced LaTeX Graphics (DPC,SPQR)
(/usr/local/texlive/2021/texmf-dist/tex/latex/graphics/graphics.sty
Package: graphics 2020/08/30 v1.4c Standard LaTeX Graphics (DPC,SPQR)
(/usr/local/texlive/2021/texmf-dist/tex/latex/graphics/trig.sty
Package: trig 2016/01/03 v1.10 sin cos tan (DPC)
) (/usr/local/texlive/2021/texmf-dist/tex/latex/graphics-cfg/graphics.cfg
File: graphics.cfg 2016/06/04 v1.11 sample graphics configuration
)
Package graphics Info: Driver file: xetex.def on input line 105.
)
\Gin@req@height=\dimen186
\Gin@req@width=\dimen187
)
\cslhangindent=\skip78
\csllabelwidth=\skip79
\cslentryspacingunit=\skip80
(/usr/local/texlive/2021/texmf-dist/tex/latex/multirow/multirow.sty
Package: multirow 2021/03/15 v2.8 Span multiple rows of a table
\multirow@colwidth=\skip81
\multirow@cntb=\count306
\multirow@dima=\skip82
\bigstrutjot=\dimen188
) (/usr/local/texlive/2021/texmf-dist/tex/latex/wrapfig/wrapfig.sty
\wrapoverhang=\dimen189
\WF@size=\dimen190
\c@WF@wrappedlines=\count307
\WF@box=\box63
\WF@everypar=\toks27
Package: wrapfig 2003/01/31  v 3.6
) (/usr/local/texlive/2021/texmf-dist/tex/latex/float/float.sty
Package: float 2001/11/08 v1.3d Float enhancements (AL)
\c@float@type=\count308
\float@exts=\toks28
\float@box=\box64
\@float@everytoks=\toks29
\@floatcapt=\box65
) (/usr/local/texlive/2021/texmf-dist/tex/latex/colortbl/colortbl.sty
Package: colortbl 2020/01/04 v1.0e Color table columns (DPC)
\everycr=\toks30
\minrowclearance=\skip83
) (/usr/local/texlive/2021/texmf-dist/tex/latex/pdflscape/pdflscape.sty
Package: pdflscape 2019/12/05 v0.12 Display of landscape pages in PDF (HO)
(/usr/local/texlive/2021/texmf-dist/tex/latex/graphics/lscape.sty
Package: lscape 2020/05/28 v3.02 Landscape Pages (DPC)
)
Package pdflscape Info: Auto-detected driver: dvipdfm (xetex) on input line 98.

(/usr/local/texlive/2021/texmf-dist/tex/latex/base/atbegshi-ltx.sty
Package: atbegshi-ltx 2020/08/17 v1.0a Emulation of the original atbegshi packa
ge
with kernel methods
)) (/usr/local/texlive/2021/texmf-dist/tex/latex/tabu/tabu.sty
Package: tabu 2019/01/11 v2.9 - flexible LaTeX tabulars (FC+tabu-fixed)
(/usr/local/texlive/2021/texmf-dist/tex/latex/varwidth/varwidth.sty
Package: varwidth 2009/03/30 ver 0.92;  Variable-width minipages
\@vwid@box=\box66
\sift@deathcycles=\count309
\@vwid@loff=\dimen191
\@vwid@roff=\dimen192
)
\c@taburow=\count310
\tabu@nbcols=\count311
\tabu@cnt=\count312
\tabu@Xcol=\count313
\tabu@alloc=\count314
\tabu@nested=\count315
\tabu@target=\dimen193
\tabu@spreadtarget=\dimen194
\tabu@naturalX=\dimen195
\tabucolX=\dimen196
\tabu@Xsum=\dimen197
\extrarowdepth=\dimen198
\abovetabulinesep=\dimen199
\belowtabulinesep=\dimen256
\tabustrutrule=\dimen257
\tabu@thebody=\toks31
\tabu@footnotes=\toks32
\tabu@box=\box67
\tabu@arstrutbox=\box68
\tabu@hleads=\box69
\tabu@vleads=\box70
\tabu@cellskip=\skip84
)
(/usr/local/texlive/2021/texmf-dist/tex/latex/threeparttable/threeparttable.sty
Package: threeparttable 2003/06/13  v 3.0
\@tempboxb=\box71
)
(/usr/local/texlive/2021/texmf-dist/tex/latex/threeparttablex/threeparttablex.s
ty
Package: threeparttablex 2013/07/23 v0.3 by daleif
(/usr/local/texlive/2021/texmf-dist/tex/latex/environ/environ.sty
Package: environ 2014/05/04 v0.3 A new way to define environments
(/usr/local/texlive/2021/texmf-dist/tex/latex/trimspaces/trimspaces.sty
Package: trimspaces 2009/09/17 v1.1 Trim spaces around a token list
))
\TPTL@width=\skip85
) (/usr/local/texlive/2021/texmf-dist/tex/latex/makecell/makecell.sty
Package: makecell 2009/08/03 V0.1e Managing of Tab Column Heads and Cells
\rotheadsize=\dimen258
\c@nlinenum=\count316
\TeXr@lab=\toks33
) (/usr/local/texlive/2021/texmf-dist/tex/latex/tcolorbox/tcolorbox.sty
Package: tcolorbox 2020/10/09 version 4.42 text color boxes
(/usr/local/texlive/2021/texmf-dist/tex/latex/pgf/basiclayer/pgf.sty (/usr/loca
l/texlive/2021/texmf-dist/tex/latex/pgf/utilities/pgfrcs.sty
(/usr/local/texlive/2021/texmf-dist/tex/generic/pgf/utilities/pgfutil-common.te
x
\pgfutil@everybye=\toks34
\pgfutil@tempdima=\dimen259
\pgfutil@tempdimb=\dimen260

(/usr/local/texlive/2021/texmf-dist/tex/generic/pgf/utilities/pgfutil-common-li
sts.tex))
(/usr/local/texlive/2021/texmf-dist/tex/generic/pgf/utilities/pgfutil-latex.def
\pgfutil@abb=\box72
) (/usr/local/texlive/2021/texmf-dist/tex/generic/pgf/utilities/pgfrcs.code.tex
(/usr/local/texlive/2021/texmf-dist/tex/generic/pgf/pgf.revision.tex)
Package: pgfrcs 2020/12/27 v3.1.8b (3.1.8b)
))
Package: pgf 2020/12/27 v3.1.8b (3.1.8b)
(/usr/local/texlive/2021/texmf-dist/tex/latex/pgf/basiclayer/pgfcore.sty (/usr/
local/texlive/2021/texmf-dist/tex/latex/pgf/systemlayer/pgfsys.sty
(/usr/local/texlive/2021/texmf-dist/tex/generic/pgf/systemlayer/pgfsys.code.tex
Package: pgfsys 2020/12/27 v3.1.8b (3.1.8b)
(/usr/local/texlive/2021/texmf-dist/tex/generic/pgf/utilities/pgfkeys.code.tex
\pgfkeys@pathtoks=\toks35
\pgfkeys@temptoks=\toks36

(/usr/local/texlive/2021/texmf-dist/tex/generic/pgf/utilities/pgfkeysfiltered.c
ode.tex
\pgfkeys@tmptoks=\toks37
))
\pgf@x=\dimen261
\pgf@y=\dimen262
\pgf@xa=\dimen263
\pgf@ya=\dimen264
\pgf@xb=\dimen265
\pgf@yb=\dimen266
\pgf@xc=\dimen267
\pgf@yc=\dimen268
\pgf@xd=\dimen269
\pgf@yd=\dimen270
\w@pgf@writea=\write4
\r@pgf@reada=\read3
\c@pgf@counta=\count317
\c@pgf@countb=\count318
\c@pgf@countc=\count319
\c@pgf@countd=\count320
\t@pgf@toka=\toks38
\t@pgf@tokb=\toks39
\t@pgf@tokc=\toks40
\pgf@sys@id@count=\count321
(/usr/local/texlive/2021/texmf-dist/tex/generic/pgf/systemlayer/pgf.cfg
File: pgf.cfg 2020/12/27 v3.1.8b (3.1.8b)
)
Driver file for pgf: pgfsys-xetex.def

(/usr/local/texlive/2021/texmf-dist/tex/generic/pgf/systemlayer/pgfsys-xetex.de
f
File: pgfsys-xetex.def 2020/12/27 v3.1.8b (3.1.8b)

(/usr/local/texlive/2021/texmf-dist/tex/generic/pgf/systemlayer/pgfsys-dvipdfmx
.def
File: pgfsys-dvipdfmx.def 2020/12/27 v3.1.8b (3.1.8b)

(/usr/local/texlive/2021/texmf-dist/tex/generic/pgf/systemlayer/pgfsys-common-p
df.def
File: pgfsys-common-pdf.def 2020/12/27 v3.1.8b (3.1.8b)
)
\pgfsys@objnum=\count322
)))
(/usr/local/texlive/2021/texmf-dist/tex/generic/pgf/systemlayer/pgfsyssoftpath.
code.tex
File: pgfsyssoftpath.code.tex 2020/12/27 v3.1.8b (3.1.8b)
\pgfsyssoftpath@smallbuffer@items=\count323
\pgfsyssoftpath@bigbuffer@items=\count324
)
(/usr/local/texlive/2021/texmf-dist/tex/generic/pgf/systemlayer/pgfsysprotocol.
code.tex
File: pgfsysprotocol.code.tex 2020/12/27 v3.1.8b (3.1.8b)
))
(/usr/local/texlive/2021/texmf-dist/tex/generic/pgf/basiclayer/pgfcore.code.tex
Package: pgfcore 2020/12/27 v3.1.8b (3.1.8b)
(/usr/local/texlive/2021/texmf-dist/tex/generic/pgf/math/pgfmath.code.tex (/usr
/local/texlive/2021/texmf-dist/tex/generic/pgf/math/pgfmathcalc.code.tex (/usr/
local/texlive/2021/texmf-dist/tex/generic/pgf/math/pgfmathutil.code.tex)
(/usr/local/texlive/2021/texmf-dist/tex/generic/pgf/math/pgfmathparser.code.tex
\pgfmath@dimen=\dimen271
\pgfmath@count=\count325
\pgfmath@box=\box73
\pgfmath@toks=\toks41
\pgfmath@stack@operand=\toks42
\pgfmath@stack@operation=\toks43
)
(/usr/local/texlive/2021/texmf-dist/tex/generic/pgf/math/pgfmathfunctions.code.
tex
(/usr/local/texlive/2021/texmf-dist/tex/generic/pgf/math/pgfmathfunctions.basic
.code.tex)
(/usr/local/texlive/2021/texmf-dist/tex/generic/pgf/math/pgfmathfunctions.trigo
nometric.code.tex)
(/usr/local/texlive/2021/texmf-dist/tex/generic/pgf/math/pgfmathfunctions.rando
m.code.tex)
(/usr/local/texlive/2021/texmf-dist/tex/generic/pgf/math/pgfmathfunctions.compa
rison.code.tex)
(/usr/local/texlive/2021/texmf-dist/tex/generic/pgf/math/pgfmathfunctions.base.
code.tex)
(/usr/local/texlive/2021/texmf-dist/tex/generic/pgf/math/pgfmathfunctions.round
.code.tex)
(/usr/local/texlive/2021/texmf-dist/tex/generic/pgf/math/pgfmathfunctions.misc.
code.tex)
(/usr/local/texlive/2021/texmf-dist/tex/generic/pgf/math/pgfmathfunctions.integ
erarithmetics.code.tex))) (/usr/local/texlive/2021/texmf-dist/tex/generic/pgf/m
ath/pgfmathfloat.code.tex
\c@pgfmathroundto@lastzeros=\count326
)) (/usr/local/texlive/2021/texmf-dist/tex/generic/pgf/math/pgfint.code.tex)
(/usr/local/texlive/2021/texmf-dist/tex/generic/pgf/basiclayer/pgfcorepoints.co
de.tex
File: pgfcorepoints.code.tex 2020/12/27 v3.1.8b (3.1.8b)
\pgf@picminx=\dimen272
\pgf@picmaxx=\dimen273
\pgf@picminy=\dimen274
\pgf@picmaxy=\dimen275
\pgf@pathminx=\dimen276
\pgf@pathmaxx=\dimen277
\pgf@pathminy=\dimen278
\pgf@pathmaxy=\dimen279
\pgf@xx=\dimen280
\pgf@xy=\dimen281
\pgf@yx=\dimen282
\pgf@yy=\dimen283
\pgf@zx=\dimen284
\pgf@zy=\dimen285
)
(/usr/local/texlive/2021/texmf-dist/tex/generic/pgf/basiclayer/pgfcorepathconst
ruct.code.tex
File: pgfcorepathconstruct.code.tex 2020/12/27 v3.1.8b (3.1.8b)
\pgf@path@lastx=\dimen286
\pgf@path@lasty=\dimen287
)
(/usr/local/texlive/2021/texmf-dist/tex/generic/pgf/basiclayer/pgfcorepathusage
.code.tex
File: pgfcorepathusage.code.tex 2020/12/27 v3.1.8b (3.1.8b)
\pgf@shorten@end@additional=\dimen288
\pgf@shorten@start@additional=\dimen289
)
(/usr/local/texlive/2021/texmf-dist/tex/generic/pgf/basiclayer/pgfcorescopes.co
de.tex
File: pgfcorescopes.code.tex 2020/12/27 v3.1.8b (3.1.8b)
\pgfpic=\box74
\pgf@hbox=\box75
\pgf@layerbox@main=\box76
\pgf@picture@serial@count=\count327
)
(/usr/local/texlive/2021/texmf-dist/tex/generic/pgf/basiclayer/pgfcoregraphicst
ate.code.tex
File: pgfcoregraphicstate.code.tex 2020/12/27 v3.1.8b (3.1.8b)
\pgflinewidth=\dimen290
)
(/usr/local/texlive/2021/texmf-dist/tex/generic/pgf/basiclayer/pgfcoretransform
ations.code.tex
File: pgfcoretransformations.code.tex 2020/12/27 v3.1.8b (3.1.8b)
\pgf@pt@x=\dimen291
\pgf@pt@y=\dimen292
\pgf@pt@temp=\dimen293
)
(/usr/local/texlive/2021/texmf-dist/tex/generic/pgf/basiclayer/pgfcorequick.cod
e.tex
File: pgfcorequick.code.tex 2020/12/27 v3.1.8b (3.1.8b)
)
(/usr/local/texlive/2021/texmf-dist/tex/generic/pgf/basiclayer/pgfcoreobjects.c
ode.tex
File: pgfcoreobjects.code.tex 2020/12/27 v3.1.8b (3.1.8b)
)
(/usr/local/texlive/2021/texmf-dist/tex/generic/pgf/basiclayer/pgfcorepathproce
ssing.code.tex
File: pgfcorepathprocessing.code.tex 2020/12/27 v3.1.8b (3.1.8b)
)
(/usr/local/texlive/2021/texmf-dist/tex/generic/pgf/basiclayer/pgfcorearrows.co
de.tex
File: pgfcorearrows.code.tex 2020/12/27 v3.1.8b (3.1.8b)
\pgfarrowsep=\dimen294
)
(/usr/local/texlive/2021/texmf-dist/tex/generic/pgf/basiclayer/pgfcoreshade.cod
e.tex
File: pgfcoreshade.code.tex 2020/12/27 v3.1.8b (3.1.8b)
\pgf@max=\dimen295
\pgf@sys@shading@range@num=\count328
\pgf@shadingcount=\count329
)
(/usr/local/texlive/2021/texmf-dist/tex/generic/pgf/basiclayer/pgfcoreimage.cod
e.tex
File: pgfcoreimage.code.tex 2020/12/27 v3.1.8b (3.1.8b)

(/usr/local/texlive/2021/texmf-dist/tex/generic/pgf/basiclayer/pgfcoreexternal.
code.tex
File: pgfcoreexternal.code.tex 2020/12/27 v3.1.8b (3.1.8b)
\pgfexternal@startupbox=\box77
))
(/usr/local/texlive/2021/texmf-dist/tex/generic/pgf/basiclayer/pgfcorelayers.co
de.tex
File: pgfcorelayers.code.tex 2020/12/27 v3.1.8b (3.1.8b)
)
(/usr/local/texlive/2021/texmf-dist/tex/generic/pgf/basiclayer/pgfcoretranspare
ncy.code.tex
File: pgfcoretransparency.code.tex 2020/12/27 v3.1.8b (3.1.8b)
)
(/usr/local/texlive/2021/texmf-dist/tex/generic/pgf/basiclayer/pgfcorepatterns.
code.tex
File: pgfcorepatterns.code.tex 2020/12/27 v3.1.8b (3.1.8b)
)
(/usr/local/texlive/2021/texmf-dist/tex/generic/pgf/basiclayer/pgfcorerdf.code.
tex
File: pgfcorerdf.code.tex 2020/12/27 v3.1.8b (3.1.8b)
)))
(/usr/local/texlive/2021/texmf-dist/tex/generic/pgf/modules/pgfmoduleshapes.cod
e.tex
File: pgfmoduleshapes.code.tex 2020/12/27 v3.1.8b (3.1.8b)
\pgfnodeparttextbox=\box78
)
(/usr/local/texlive/2021/texmf-dist/tex/generic/pgf/modules/pgfmoduleplot.code.
tex
File: pgfmoduleplot.code.tex 2020/12/27 v3.1.8b (3.1.8b)
)
(/usr/local/texlive/2021/texmf-dist/tex/latex/pgf/compatibility/pgfcomp-version
-0-65.sty
Package: pgfcomp-version-0-65 2020/12/27 v3.1.8b (3.1.8b)
\pgf@nodesepstart=\dimen296
\pgf@nodesepend=\dimen297
)
(/usr/local/texlive/2021/texmf-dist/tex/latex/pgf/compatibility/pgfcomp-version
-1-18.sty
Package: pgfcomp-version-1-18 2020/12/27 v3.1.8b (3.1.8b)
)) (/usr/local/texlive/2021/texmf-dist/tex/latex/tools/verbatim.sty
Package: verbatim 2020-07-07 v1.5u LaTeX2e package for verbatim enhancements
\every@verbatim=\toks44
\verbatim@line=\toks45
\verbatim@in@stream=\read4
)
\tcb@titlebox=\box79
\tcb@upperbox=\box80
\tcb@lowerbox=\box81
\tcb@phantombox=\box82
\c@tcbbreakpart=\count330
\c@tcblayer=\count331
\c@tcolorbox@number=\count332
\tcb@temp=\box83
\tcb@temp=\box84
\tcb@temp=\box85
\tcb@temp=\box86
\tcb@out=\write5
\tcb@record@out=\write6
(/usr/local/texlive/2021/texmf-dist/tex/latex/tcolorbox/tcbraster.code.tex
Library (tcolorbox): 'tcbraster.code.tex' version '4.42'
\c@tcbrastercolumn=\count333
\c@tcbrasterrow=\count334
\c@tcbraster=\count335
) (/usr/local/texlive/2021/texmf-dist/tex/latex/tcolorbox/tcbskins.code.tex
Library (tcolorbox): 'tcbskins.code.tex' version '4.42'
(/usr/local/texlive/2021/texmf-dist/tex/latex/pgf/frontendlayer/tikz.sty (/usr/
local/texlive/2021/texmf-dist/tex/latex/pgf/utilities/pgffor.sty (/usr/local/te
xlive/2021/texmf-dist/tex/latex/pgf/utilities/pgfkeys.sty (/usr/local/texlive/2
021/texmf-dist/tex/generic/pgf/utilities/pgfkeys.code.tex)) (/usr/local/texlive
/2021/texmf-dist/tex/latex/pgf/math/pgfmath.sty (/usr/local/texlive/2021/texmf-
dist/tex/generic/pgf/math/pgfmath.code.tex)) (/usr/local/texlive/2021/texmf-dis
t/tex/generic/pgf/utilities/pgffor.code.tex
Package: pgffor 2020/12/27 v3.1.8b (3.1.8b)
(/usr/local/texlive/2021/texmf-dist/tex/generic/pgf/math/pgfmath.code.tex)
\pgffor@iter=\dimen298
\pgffor@skip=\dimen299
\pgffor@stack=\toks46
\pgffor@toks=\toks47
))
(/usr/local/texlive/2021/texmf-dist/tex/generic/pgf/frontendlayer/tikz/tikz.cod
e.tex
Package: tikz 2020/12/27 v3.1.8b (3.1.8b)

(/usr/local/texlive/2021/texmf-dist/tex/generic/pgf/libraries/pgflibraryplothan
dlers.code.tex
File: pgflibraryplothandlers.code.tex 2020/12/27 v3.1.8b (3.1.8b)
\pgf@plot@mark@count=\count336
\pgfplotmarksize=\dimen300
)
\tikz@lastx=\dimen301
\tikz@lasty=\dimen302
\tikz@lastxsaved=\dimen303
\tikz@lastysaved=\dimen304
\tikz@lastmovetox=\dimen305
\tikz@lastmovetoy=\dimen306
\tikzleveldistance=\dimen307
\tikzsiblingdistance=\dimen308
\tikz@figbox=\box87
\tikz@figbox@bg=\box88
\tikz@tempbox=\box89
\tikz@tempbox@bg=\box90
\tikztreelevel=\count337
\tikznumberofchildren=\count338
\tikznumberofcurrentchild=\count339
\tikz@fig@count=\count340

(/usr/local/texlive/2021/texmf-dist/tex/generic/pgf/modules/pgfmodulematrix.cod
e.tex
File: pgfmodulematrix.code.tex 2020/12/27 v3.1.8b (3.1.8b)
\pgfmatrixcurrentrow=\count341
\pgfmatrixcurrentcolumn=\count342
\pgf@matrix@numberofcolumns=\count343
)
\tikz@expandcount=\count344

(/usr/local/texlive/2021/texmf-dist/tex/generic/pgf/frontendlayer/tikz/librarie
s/tikzlibrarytopaths.code.tex
File: tikzlibrarytopaths.code.tex 2020/12/27 v3.1.8b (3.1.8b)
)))
\tcb@waterbox=\box91

(/usr/local/texlive/2021/texmf-dist/tex/latex/tcolorbox/tcbskinsjigsaw.code.tex
Library (tcolorbox): 'tcbskinsjigsaw.code.tex' version '4.42'
)) (/usr/local/texlive/2021/texmf-dist/tex/latex/tcolorbox/tcbbreakable.code.te
x
Library (tcolorbox): 'tcbbreakable.code.tex' version '4.42'
(/usr/local/texlive/2021/texmf-dist/tex/generic/oberdiek/pdfcol.sty
Package: pdfcol 2019/12/29 v1.6 Handle new color stacks for pdfTeX (HO)
(/usr/local/texlive/2021/texmf-dist/tex/generic/ltxcmds/ltxcmds.sty
Package: ltxcmds 2020-05-10 v1.25 LaTeX kernel commands for general use (HO)
) (/usr/local/texlive/2021/texmf-dist/tex/generic/infwarerr/infwarerr.sty
Package: infwarerr 2019/12/03 v1.5 Providing info/warning/error messages (HO)
)
Package pdfcol Info: Interface disabled because of missing PDF mode of pdfTeX.
)
Package pdfcol Info: pdfTeX's color stacks are not available.
\tcb@testbox=\box92
\tcb@totalupperbox=\box93
\tcb@totallowerbox=\box94
) (/usr/local/texlive/2021/texmf-dist/tex/latex/tcolorbox/tcbhooks.code.tex
Library (tcolorbox): 'tcbhooks.code.tex' version '4.42'
) (/usr/local/texlive/2021/texmf-dist/tex/latex/tcolorbox/tcbtheorems.code.tex
Library (tcolorbox): 'tcbtheorems.code.tex' version '4.42'
) (/usr/local/texlive/2021/texmf-dist/tex/latex/tcolorbox/tcbfitting.code.tex
Library (tcolorbox): 'tcbfitting.code.tex' version '4.42'
\tcbfitdim=\dimen309
\tcb@lowerfitdim=\dimen310
\tcb@upperfitdim=\dimen311
\tcb@cur@hbadness=\count345
) (/usr/local/texlive/2021/texmf-dist/tex/latex/tcolorbox/tcbxparse.code.tex
Library (tcolorbox): 'tcbxparse.code.tex' version '4.42'
)) (/usr/local/texlive/2021/texmf-dist/tex/latex/fontawesome5/fontawesome5.sty
Package: fontawesome5 2020/03/24 v5.13.0 Font Awesome 5

(/usr/local/texlive/2021/texmf-dist/tex/latex/fontawesome5/fontawesome5-utex-he
lper.sty
Package: fontawesome5-utex-helper 2020/03/24 v5.13.0 uTeX helper for fontawesom
e5
LaTeX Font Info:    Trying to load font information for TU+fontawesomefree on i
nput line 69.

(/usr/local/texlive/2021/texmf-dist/tex/latex/fontawesome5/tufontawesomefree.fd
)
LaTeX Font Info:    Trying to load font information for TU+fontawesomebrands on
 input line 70.

(/usr/local/texlive/2021/texmf-dist/tex/latex/fontawesome5/tufontawesomebrands.
fd))) (/usr/local/texlive/2021/texmf-dist/tex/latex/bookmark/bookmark.sty
Package: bookmark 2020-11-06 v1.29 PDF bookmarks (HO)
(/usr/local/texlive/2021/texmf-dist/tex/latex/hyperref/hyperref.sty
Package: hyperref 2021-02-27 v7.00k Hypertext links for LaTeX
(/usr/local/texlive/2021/texmf-dist/tex/generic/pdftexcmds/pdftexcmds.sty
Package: pdftexcmds 2020-06-27 v0.33 Utility functions of pdfTeX for LuaTeX (HO
)
Package pdftexcmds Info: \pdf@primitive is available.
Package pdftexcmds Info: \pdf@ifprimitive is available.
Package pdftexcmds Info: \pdfdraftmode not found.
) (/usr/local/texlive/2021/texmf-dist/tex/generic/kvsetkeys/kvsetkeys.sty
Package: kvsetkeys 2019/12/15 v1.18 Key value parser (HO)
) (/usr/local/texlive/2021/texmf-dist/tex/generic/kvdefinekeys/kvdefinekeys.sty
Package: kvdefinekeys 2019-12-19 v1.6 Define keys (HO)
) (/usr/local/texlive/2021/texmf-dist/tex/generic/pdfescape/pdfescape.sty
Package: pdfescape 2019/12/09 v1.15 Implements pdfTeX's escape features (HO)
) (/usr/local/texlive/2021/texmf-dist/tex/latex/hycolor/hycolor.sty
Package: hycolor 2020-01-27 v1.10 Color options for hyperref/bookmark (HO)
) (/usr/local/texlive/2021/texmf-dist/tex/latex/letltxmacro/letltxmacro.sty
Package: letltxmacro 2019/12/03 v1.6 Let assignment for LaTeX macros (HO)
) (/usr/local/texlive/2021/texmf-dist/tex/latex/auxhook/auxhook.sty
Package: auxhook 2019-12-17 v1.6 Hooks for auxiliary files (HO)
) (/usr/local/texlive/2021/texmf-dist/tex/latex/kvoptions/kvoptions.sty
Package: kvoptions 2020-10-07 v3.14 Key value format for package options (HO)
)
\@linkdim=\dimen312
\Hy@linkcounter=\count346
\Hy@pagecounter=\count347
(/usr/local/texlive/2021/texmf-dist/tex/latex/hyperref/pd1enc.def
File: pd1enc.def 2021-02-27 v7.00k Hyperref: PDFDocEncoding definition (HO)
)
(/usr/local/texlive/2021/texmf-dist/tex/latex/hyperref/hyperref-langpatches.def
File: hyperref-langpatches.def 2021-02-27 v7.00k Hyperref: patches for babel la
nguages
) (/usr/local/texlive/2021/texmf-dist/tex/generic/intcalc/intcalc.sty
Package: intcalc 2019/12/15 v1.3 Expandable calculations with integers (HO)
) (/usr/local/texlive/2021/texmf-dist/tex/generic/etexcmds/etexcmds.sty
Package: etexcmds 2019/12/15 v1.7 Avoid name clashes with e-TeX commands (HO)
)
\Hy@SavedSpaceFactor=\count348
(/usr/local/texlive/2021/texmf-dist/tex/latex/hyperref/puenc.def
File: puenc.def 2021-02-27 v7.00k Hyperref: PDF Unicode definition (HO)
)
Package hyperref Info: Option `unicode' set `true' on input line 4073.
Package hyperref Info: Hyper figures OFF on input line 4192.
Package hyperref Info: Link nesting OFF on input line 4197.
Package hyperref Info: Hyper index ON on input line 4200.
Package hyperref Info: Plain pages OFF on input line 4207.
Package hyperref Info: Backreferencing OFF on input line 4212.
Package hyperref Info: Implicit mode ON; LaTeX internals redefined.
Package hyperref Info: Bookmarks ON on input line 4445.
\c@Hy@tempcnt=\count349
(/usr/local/texlive/2021/texmf-dist/tex/latex/url/url.sty
\Urlmuskip=\muskip18
Package: url 2013/09/16  ver 3.4  Verb mode for urls, etc.
)
LaTeX Info: Redefining \url on input line 4804.
\XeTeXLinkMargin=\dimen313
(/usr/local/texlive/2021/texmf-dist/tex/generic/bitset/bitset.sty
Package: bitset 2019/12/09 v1.3 Handle bit-vector datatype (HO)
(/usr/local/texlive/2021/texmf-dist/tex/generic/bigintcalc/bigintcalc.sty
Package: bigintcalc 2019/12/15 v1.5 Expandable calculations on big integers (HO
)
))
\Fld@menulength=\count350
\Field@Width=\dimen314
\Fld@charsize=\dimen315
Package hyperref Info: Hyper figures OFF on input line 6075.
Package hyperref Info: Link nesting OFF on input line 6080.
Package hyperref Info: Hyper index ON on input line 6083.
Package hyperref Info: backreferencing OFF on input line 6090.
Package hyperref Info: Link coloring OFF on input line 6095.
Package hyperref Info: Link coloring with OCG OFF on input line 6100.
Package hyperref Info: PDF/A mode OFF on input line 6105.
LaTeX Info: Redefining \ref on input line 6145.
LaTeX Info: Redefining \pageref on input line 6149.
\Hy@abspage=\count351
\c@Item=\count352
\c@Hfootnote=\count353
)
Package hyperref Info: Driver (autodetected): hxetex.
(/usr/local/texlive/2021/texmf-dist/tex/latex/hyperref/hxetex.def
File: hxetex.def 2021-02-27 v7.00k Hyperref driver for XeTeX
(/usr/local/texlive/2021/texmf-dist/tex/generic/stringenc/stringenc.sty
Package: stringenc 2019/11/29 v1.12 Convert strings between diff. encodings (HO
)
)
\pdfm@box=\box95
\c@Hy@AnnotLevel=\count354
\HyField@AnnotCount=\count355
\Fld@listcount=\count356
\c@bookmark@seq@number=\count357

(/usr/local/texlive/2021/texmf-dist/tex/latex/rerunfilecheck/rerunfilecheck.sty
Package: rerunfilecheck 2019/12/05 v1.9 Rerun checks for auxiliary files (HO)
(/usr/local/texlive/2021/texmf-dist/tex/latex/base/atveryend-ltx.sty
Package: atveryend-ltx 2020/08/19 v1.0a Emulation of the original atvery packag
e
with kernel methods
)
(/usr/local/texlive/2021/texmf-dist/tex/generic/uniquecounter/uniquecounter.sty
Package: uniquecounter 2019/12/15 v1.4 Provide unlimited unique counter (HO)
)
Package uniquecounter Info: New unique counter `rerunfilecheck' on input line 2
86.
)
\Hy@SectionHShift=\skip86
) (/usr/local/texlive/2021/texmf-dist/tex/latex/bookmark/bkm-dvipdfm.def
File: bkm-dvipdfm.def 2020-11-06 v1.29 bookmark driver for dvipdfm (HO)
\BKM@id=\count358
)) (/usr/local/texlive/2021/texmf-dist/tex/latex/caption/caption.sty
Package: caption 2020/10/26 v3.5g Customizing captions (AR)
(/usr/local/texlive/2021/texmf-dist/tex/latex/caption/caption3.sty
Package: caption3 2020/10/21 v2.2e caption3 kernel (AR)
\captionmargin=\dimen316
\captionmargin@=\dimen317
\captionwidth=\dimen318
\caption@tempdima=\dimen319
\caption@indent=\dimen320
\caption@parindent=\dimen321
\caption@hangindent=\dimen322
Package caption Info: KOMA-Script document class detected.
(/usr/local/texlive/2021/texmf-dist/tex/latex/caption/caption-koma.sto
File: caption-koma.sto 2020/09/21 v2.0b Adaption of the caption package to the 
KOMA-Script document classes (AR)
))
\c@caption@flags=\count359
\c@continuedfloat=\count360
Package caption Info: float package is loaded.
Package caption Info: hyperref package is loaded.
Package caption Info: longtable package is loaded.
(/usr/local/texlive/2021/texmf-dist/tex/latex/caption/ltcaption.sty
Package: ltcaption 2020/05/30 v1.4b longtable captions (AR)
)
Package caption Info: threeparttable package is loaded.
Package caption Info: wrapfig package is loaded.
)
\@float@every@codelisting=\toks48
\c@codelisting=\count361
(/usr/local/texlive/2021/texmf-dist/tex/latex/caption/subcaption.sty
Package: subcaption 2020/10/07 v1.3j Sub-captions (AR)
\c@subfigure=\count362
\c@subtable=\count363
) (/usr/local/texlive/2021/texmf-dist/tex/latex/sidenotes/sidenotes.sty
Package: sidenotes 2016/04/21 v1.00 rich text in the margin for LaTeX
(/usr/local/texlive/2021/texmf-dist/tex/latex/marginnote/marginnote.sty
Package: marginnote 2018/08/09 v1.4b non floating margin notes for LaTeX
\c@mn@abspage=\count364
) (/usr/local/texlive/2021/texmf-dist/tex/latex/changepage/changepage.sty
Package: changepage 2009/10/20 v1.0c check page and change page layout
\c@cp@cntr=\count365
\cp@tempcnt=\count366
)
\c@sidenote=\count367
\@sidenotes@marginfigurebox=\box96
\@sidenotes@margintablebox=\box97
) (/usr/local/texlive/2021/texmf-dist/tex/generic/babel/babel.sty
Package: babel 2021/03/24 3.56 The Babel package
(/usr/local/texlive/2021/texmf-dist/tex/generic/babel/babel.def
File: babel.def 2021/03/24 3.56 Babel common definitions
\babel@savecnt=\count368
\U@D=\dimen323
\l@babelnohyphens=\language87
(/usr/local/texlive/2021/texmf-dist/tex/generic/babel/xebabel.def (/usr/local/t
exlive/2021/texmf-dist/tex/generic/babel/txtbabel.def))
\bbl@readstream=\read5
)
\bbl@dirlevel=\count369
Package babel Info: You haven't specified a language. I'll use 'nil'
(babel)             as the main language. Reported on input line 1160.
(/usr/local/texlive/2021/texmf-dist/tex/generic/babel/nil.ldf
Language: nil 2021/03/24 3.56 Nil language
\l@nil=\language88
))
\everypar=\toks49

(/usr/local/texlive/2021/texmf-dist/tex/generic/babel/locale/de/babel-ngerman.t
ex
(/usr/local/texlive/2021/texmf-dist/tex/generic/babel/locale/de/babel-german.te
x))
Package babel Info: Importing data for ngerman
(babel)             from babel-de.ini. Reported on input line 235.
Package babel Info: \l@ngerman = using hyphenrules for ngerman
(babel)             (\language34) on input line 235.
(/usr/local/texlive/2021/texmf-dist/tex/latex/xurl/xurl.sty
Package: xurl 2020/12/30 v 0.09a modify URL breaks
)
Package hyperref Info: Option `colorlinks' set `true' on input line 254.
No file index.aux.
\openout1 = `index.aux'.

LaTeX Font Info:    Checking defaults for OML/cmm/m/it on input line 260.
LaTeX Font Info:    ... okay on input line 260.
LaTeX Font Info:    Checking defaults for OMS/cmsy/m/n on input line 260.
LaTeX Font Info:    ... okay on input line 260.
LaTeX Font Info:    Checking defaults for OT1/cmr/m/n on input line 260.
LaTeX Font Info:    ... okay on input line 260.
LaTeX Font Info:    Checking defaults for T1/cmr/m/n on input line 260.
LaTeX Font Info:    ... okay on input line 260.
LaTeX Font Info:    Checking defaults for TS1/cmr/m/n on input line 260.
LaTeX Font Info:    ... okay on input line 260.
LaTeX Font Info:    Checking defaults for TU/lmr/m/n on input line 260.
LaTeX Font Info:    ... okay on input line 260.
LaTeX Font Info:    Checking defaults for OMX/cmex/m/n on input line 260.
LaTeX Font Info:    ... okay on input line 260.
LaTeX Font Info:    Checking defaults for U/cmr/m/n on input line 260.
LaTeX Font Info:    ... okay on input line 260.
LaTeX Font Info:    Checking defaults for PD1/pdf/m/n on input line 260.
LaTeX Font Info:    ... okay on input line 260.
LaTeX Font Info:    Checking defaults for PU/pdf/m/n on input line 260.
LaTeX Font Info:    ... okay on input line 260.
LaTeX Font Info:    Overwriting math alphabet `\mathrm' in version `normal'
(Font)                  OT1/lmr/m/n --> TU/lmr/m/n on input line 260.
LaTeX Font Info:    Overwriting math alphabet `\mathit' in version `normal'
(Font)                  OT1/lmr/m/it --> TU/lmr/m/it on input line 260.
LaTeX Font Info:    Overwriting math alphabet `\mathbf' in version `normal'
(Font)                  OT1/lmr/bx/n --> TU/lmr/bx/n on input line 260.
LaTeX Font Info:    Overwriting math alphabet `\mathsf' in version `normal'
(Font)                  OT1/lmss/m/n --> TU/lmss/m/n on input line 260.
LaTeX Font Info:    Overwriting math alphabet `\mathsf' in version `bold'
(Font)                  OT1/lmss/bx/n --> TU/lmss/bx/n on input line 260.
LaTeX Font Info:    Overwriting math alphabet `\mathtt' in version `normal'
(Font)                  OT1/lmtt/m/n --> TU/lmtt/m/n on input line 260.
LaTeX Font Info:    Overwriting math alphabet `\mathtt' in version `bold'
(Font)                  OT1/lmtt/m/n --> TU/lmtt/bx/n on input line 260.

Package fontspec Info: latinmodern-math scale = 0.9999967668407183.


Package fontspec Info: latinmodern-math scale = 0.9999967668407183.


Package fontspec Info: latinmodern-math scale = 0.9999967668407183.


Package fontspec Info: Font family 'latinmodern-math.otf(0)' created for font
(fontspec)             'latinmodern-math.otf' with options
(fontspec)             [Scale=MatchLowercase,BoldItalicFont={},ItalicFont={},Sm
allCapsFont={},Script=Math,BoldFont={latinmodern-math.otf}].
(fontspec)              
(fontspec)              This font family consists of the following NFSS
(fontspec)             series/shapes:
(fontspec)              
(fontspec)             - 'normal' (m/n) with NFSS spec.:
(fontspec)             <->s*[0.9999967668407183]"[latinmodern-math.otf]/OT:scri
pt=math;language=dflt;"
(fontspec)             - 'small caps'  (m/sc) with NFSS spec.: 
(fontspec)             - 'bold' (b/n) with NFSS spec.:
(fontspec)             <->s*[0.9999967668407183]"[latinmodern-math.otf]/OT:scri
pt=math;language=dflt;"
(fontspec)             - 'bold small caps'  (b/sc) with NFSS spec.: 

LaTeX Font Info:    Font shape `TU/latinmodern-math.otf(0)/m/n' will be
(Font)              scaled to size 10.95pt on input line 260.

Package fontspec Info: latinmodern-math scale = 0.9999967668407183.


Package fontspec Info: latinmodern-math scale = 0.9999967668407183.


Package fontspec Info: latinmodern-math scale = 0.9999967668407183.


Package fontspec Info: latinmodern-math scale = 0.9999967668407183.


Package fontspec Info: latinmodern-math scale = 0.9999967668407183.


Package fontspec Info: Font family 'latinmodern-math.otf(1)' created for font
(fontspec)             'latinmodern-math.otf' with options
(fontspec)             [Scale=MatchLowercase,BoldItalicFont={},ItalicFont={},Sm
allCapsFont={},Script=Math,SizeFeatures={{Size=9.3075-},{Size=6.57-9.3075,Font=
latinmodern-math.otf,Style=MathScript},{Size=-6.57,Font=latinmodern-math.otf,St
yle=MathScriptScript}},BoldFont={latinmodern-math.otf}].
(fontspec)              
(fontspec)              This font family consists of the following NFSS
(fontspec)             series/shapes:
(fontspec)              
(fontspec)             - 'normal' (m/n) with NFSS spec.:
(fontspec)             <9.3075->s*[0.9999967668407183]"[latinmodern-math.otf]/O
T:script=math;language=dflt;"<6.57-9.3075>s*[0.9999967668407183]"[latinmodern-m
ath.otf]/OT:script=math;language=dflt;+ssty=0;"<-6.57>s*[0.9999967668407183]"[l
atinmodern-math.otf]/OT:script=math;language=dflt;+ssty=1;"
(fontspec)             - 'small caps'  (m/sc) with NFSS spec.: 
(fontspec)             - 'bold' (b/n) with NFSS spec.:
(fontspec)             <->s*[0.9999967668407183]"[latinmodern-math.otf]/OT:scri
pt=math;language=dflt;"
(fontspec)             - 'bold small caps'  (b/sc) with NFSS spec.: 

LaTeX Font Info:    Font shape `TU/latinmodern-math.otf(1)/m/n' will be
(Font)              scaled to size 10.95pt on input line 260.
LaTeX Font Info:    Encoding `OT1' has changed to `TU' for symbol font
(Font)              `operators' in the math version `normal' on input line 260.

LaTeX Font Info:    Overwriting symbol font `operators' in version `normal'
(Font)                  OT1/lmr/m/n --> TU/latinmodern-math.otf(1)/m/n on input
 line 260.
LaTeX Font Info:    Encoding `OT1' has changed to `TU' for symbol font
(Font)              `operators' in the math version `bold' on input line 260.
LaTeX Font Info:    Overwriting symbol font `operators' in version `bold'
(Font)                  OT1/lmr/bx/n --> TU/latinmodern-math.otf(1)/b/n on inpu
t line 260.

Package fontspec Info: latinmodern-math scale = 0.9999967668407183.


Package fontspec Info: latinmodern-math scale = 1.000096766517402.


Package fontspec Info: latinmodern-math scale = 0.9999967668407183.


Package fontspec Info: latinmodern-math scale = 1.000096766517402.


Package fontspec Info: latinmodern-math scale = 0.9999967668407183.


Package fontspec Info: latinmodern-math scale = 1.000096766517402.


Package fontspec Info: latinmodern-math scale = 0.9999967668407183.


Package fontspec Info: latinmodern-math scale = 1.000096766517402.


Package fontspec Info: latinmodern-math scale = 0.9999967668407183.


Package fontspec Info: latinmodern-math scale = 1.000096766517402.


Package fontspec Info: Font family 'latinmodern-math.otf(2)' created for font
(fontspec)             'latinmodern-math.otf' with options
(fontspec)             [Scale=MatchLowercase,BoldItalicFont={},ItalicFont={},Sm
allCapsFont={},Script=Math,SizeFeatures={{Size=9.3075-},{Size=6.57-9.3075,Font=
latinmodern-math.otf,Style=MathScript},{Size=-6.57,Font=latinmodern-math.otf,St
yle=MathScriptScript}},BoldFont={latinmodern-math.otf},ScaleAgain=1.0001,FontAd
justment={\fontdimen
(fontspec)             8\font =7.41315pt\relax \fontdimen 9\font
(fontspec)             =4.3143pt\relax \fontdimen 10\font =4.8618pt\relax
(fontspec)             \fontdimen 11\font =7.5117pt\relax \fontdimen 12\font
(fontspec)             =3.77776pt\relax \fontdimen 13\font =3.97485pt\relax
(fontspec)             \fontdimen 14\font =3.97485pt\relax \fontdimen 15\font
(fontspec)             =3.16455pt\relax \fontdimen 16\font =2.70465pt\relax
(fontspec)             \fontdimen 17\font =2.70465pt\relax \fontdimen 18\font
(fontspec)             =2.7375pt\relax \fontdimen 19\font =2.19pt\relax
(fontspec)             \fontdimen 22\font =2.7375pt\relax \fontdimen 20\font
(fontspec)             =0pt\relax \fontdimen 21\font =0pt\relax }].
(fontspec)              
(fontspec)              This font family consists of the following NFSS
(fontspec)             series/shapes:
(fontspec)              
(fontspec)             - 'normal' (m/n) with NFSS spec.:
(fontspec)             <9.3075->s*[1.000096766517402]"[latinmodern-math.otf]/OT
:script=math;language=dflt;"<6.57-9.3075>s*[1.000096766517402]"[latinmodern-mat
h.otf]/OT:script=math;language=dflt;+ssty=0;"<-6.57>s*[1.000096766517402]"[lati
nmodern-math.otf]/OT:script=math;language=dflt;+ssty=1;"
(fontspec)             - 'small caps'  (m/sc) with NFSS spec.: 
(fontspec)             and font adjustment code:
(fontspec)             \fontdimen 8\font =7.41315pt\relax \fontdimen 9\font
(fontspec)             =4.3143pt\relax \fontdimen 10\font =4.8618pt\relax
(fontspec)             \fontdimen 11\font =7.5117pt\relax \fontdimen 12\font
(fontspec)             =3.77776pt\relax \fontdimen 13\font =3.97485pt\relax
(fontspec)             \fontdimen 14\font =3.97485pt\relax \fontdimen 15\font
(fontspec)             =3.16455pt\relax \fontdimen 16\font =2.70465pt\relax
(fontspec)             \fontdimen 17\font =2.70465pt\relax \fontdimen 18\font
(fontspec)             =2.7375pt\relax \fontdimen 19\font =2.19pt\relax
(fontspec)             \fontdimen 22\font =2.7375pt\relax \fontdimen 20\font
(fontspec)             =0pt\relax \fontdimen 21\font =0pt\relax 
(fontspec)             - 'bold' (b/n) with NFSS spec.:
(fontspec)             <->s*[1.000096766517402]"[latinmodern-math.otf]/OT:scrip
t=math;language=dflt;"
(fontspec)             - 'bold small caps'  (b/sc) with NFSS spec.: 
(fontspec)             and font adjustment code:
(fontspec)             \fontdimen 8\font =7.41315pt\relax \fontdimen 9\font
(fontspec)             =4.3143pt\relax \fontdimen 10\font =4.8618pt\relax
(fontspec)             \fontdimen 11\font =7.5117pt\relax \fontdimen 12\font
(fontspec)             =3.77776pt\relax \fontdimen 13\font =3.97485pt\relax
(fontspec)             \fontdimen 14\font =3.97485pt\relax \fontdimen 15\font
(fontspec)             =3.16455pt\relax \fontdimen 16\font =2.70465pt\relax
(fontspec)             \fontdimen 17\font =2.70465pt\relax \fontdimen 18\font
(fontspec)             =2.7375pt\relax \fontdimen 19\font =2.19pt\relax
(fontspec)             \fontdimen 22\font =2.7375pt\relax \fontdimen 20\font
(fontspec)             =0pt\relax \fontdimen 21\font =0pt\relax 

LaTeX Font Info:    Encoding `OMS' has changed to `TU' for symbol font
(Font)              `symbols' in the math version `normal' on input line 260.
LaTeX Font Info:    Overwriting symbol font `symbols' in version `normal'
(Font)                  OMS/lmsy/m/n --> TU/latinmodern-math.otf(2)/m/n on inpu
t line 260.
LaTeX Font Info:    Encoding `OMS' has changed to `TU' for symbol font
(Font)              `symbols' in the math version `bold' on input line 260.
LaTeX Font Info:    Overwriting symbol font `symbols' in version `bold'
(Font)                  OMS/lmsy/b/n --> TU/latinmodern-math.otf(2)/b/n on inpu
t line 260.

Package fontspec Info: latinmodern-math scale = 0.9999967668407183.


Package fontspec Info: latinmodern-math scale = 0.9998967671640342.


Package fontspec Info: latinmodern-math scale = 0.9999967668407183.


Package fontspec Info: latinmodern-math scale = 0.9998967671640342.


Package fontspec Info: latinmodern-math scale = 0.9999967668407183.


Package fontspec Info: latinmodern-math scale = 0.9998967671640342.


Package fontspec Info: latinmodern-math scale = 0.9999967668407183.


Package fontspec Info: latinmodern-math scale = 0.9998967671640342.


Package fontspec Info: latinmodern-math scale = 0.9999967668407183.


Package fontspec Info: latinmodern-math scale = 0.9998967671640342.


Package fontspec Info: Font family 'latinmodern-math.otf(3)' created for font
(fontspec)             'latinmodern-math.otf' with options
(fontspec)             [Scale=MatchLowercase,BoldItalicFont={},ItalicFont={},Sm
allCapsFont={},Script=Math,SizeFeatures={{Size=9.3075-},{Size=6.57-9.3075,Font=
latinmodern-math.otf,Style=MathScript},{Size=-6.57,Font=latinmodern-math.otf,St
yle=MathScriptScript}},BoldFont={latinmodern-math.otf},ScaleAgain=0.9999,FontAd
justment={\fontdimen
(fontspec)             8\font =0.438pt\relax \fontdimen 9\font =2.19pt\relax
(fontspec)             \fontdimen 10\font =1.82864pt\relax \fontdimen 11\font
(fontspec)             =1.21545pt\relax \fontdimen 12\font =6.56999pt\relax
(fontspec)             \fontdimen 13\font =0pt\relax }].
(fontspec)              
(fontspec)              This font family consists of the following NFSS
(fontspec)             series/shapes:
(fontspec)              
(fontspec)             - 'normal' (m/n) with NFSS spec.:
(fontspec)             <9.3075->s*[0.9998967671640342]"[latinmodern-math.otf]/O
T:script=math;language=dflt;"<6.57-9.3075>s*[0.9998967671640342]"[latinmodern-m
ath.otf]/OT:script=math;language=dflt;+ssty=0;"<-6.57>s*[0.9998967671640342]"[l
atinmodern-math.otf]/OT:script=math;language=dflt;+ssty=1;"
(fontspec)             - 'small caps'  (m/sc) with NFSS spec.: 
(fontspec)             and font adjustment code:
(fontspec)             \fontdimen 8\font =0.438pt\relax \fontdimen 9\font
(fontspec)             =2.19pt\relax \fontdimen 10\font =1.82864pt\relax
(fontspec)             \fontdimen 11\font =1.21545pt\relax \fontdimen 12\font
(fontspec)             =6.56999pt\relax \fontdimen 13\font =0pt\relax 
(fontspec)             - 'bold' (b/n) with NFSS spec.:
(fontspec)             <->s*[0.9998967671640342]"[latinmodern-math.otf]/OT:scri
pt=math;language=dflt;"
(fontspec)             - 'bold small caps'  (b/sc) with NFSS spec.: 
(fontspec)             and font adjustment code:
(fontspec)             \fontdimen 8\font =0.438pt\relax \fontdimen 9\font
(fontspec)             =2.19pt\relax \fontdimen 10\font =1.82864pt\relax
(fontspec)             \fontdimen 11\font =1.21545pt\relax \fontdimen 12\font
(fontspec)             =6.56999pt\relax \fontdimen 13\font =0pt\relax 

LaTeX Font Info:    Encoding `OMX' has changed to `TU' for symbol font
(Font)              `largesymbols' in the math version `normal' on input line 2
60.
LaTeX Font Info:    Overwriting symbol font `largesymbols' in version `normal'
(Font)                  OMX/lmex/m/n --> TU/latinmodern-math.otf(3)/m/n on inpu
t line 260.
LaTeX Font Info:    Encoding `OMX' has changed to `TU' for symbol font
(Font)              `largesymbols' in the math version `bold' on input line 260
.
LaTeX Font Info:    Overwriting symbol font `largesymbols' in version `bold'
(Font)                  OMX/lmex/m/n --> TU/latinmodern-math.otf(3)/b/n on inpu
t line 260.
LaTeX Info: Redefining \microtypecontext on input line 260.
Package microtype Info: Character protrusion enabled (level 2).
Package microtype Info: Using protrusion set `basicmath'.
Package microtype Info: No adjustment of tracking.
Package microtype Info: No adjustment of spacing.
Package microtype Info: No adjustment of kerning.

(/usr/local/texlive/2021/texmf-dist/tex/latex/microtype/mt-LatinModernRoman.cfg
File: mt-LatinModernRoman.cfg 2021/02/21 v1.1 microtype config. file: Latin Mod
ern Roman (RS)
)
*geometry* driver: auto-detecting
*geometry* detected driver: xetex
*geometry* verbose mode - [ preamble ] result:
* driver: xetex
* paper: letterpaper
* layout: <same size as paper>
* layoutoffset:(h,v)=(0.0pt,0.0pt)
* modes: 
* h-part:(L,W,R)=(72.26999pt, 298.71585pt, 243.30916pt)
* v-part:(T,H,B)=(95.39737pt, 556.47656pt, 143.09605pt)
* \paperwidth=614.295pt
* \paperheight=794.96999pt
* \textwidth=298.71585pt
* \textheight=556.47656pt
* \oddsidemargin=0.0pt
* \evensidemargin=0.0pt
* \topmargin=-14.27263pt
* \headheight=17.0pt
* \headsep=20.40001pt
* \topskip=11.0pt
* \footskip=47.6pt
* \marginparwidth=149.35793pt
* \marginparsep=21.68121pt
* \columnsep=10.0pt
* \skip\footins=10.0pt plus 4.0pt minus 2.0pt
* \hoffset=0.0pt
* \voffset=0.0pt
* \mag=1000
* \@twocolumnfalse
* \@twosidefalse
* \@mparswitchfalse
* \@reversemarginfalse
* (1in=72.27pt=25.4mm, 1cm=28.453pt)

Package hyperref Info: Link coloring ON on input line 260.
(/usr/local/texlive/2021/texmf-dist/tex/latex/hyperref/nameref.sty
Package: nameref 2021-04-02 v2.47 Cross-referencing by name of section
(/usr/local/texlive/2021/texmf-dist/tex/latex/refcount/refcount.sty
Package: refcount 2019/12/15 v3.6 Data extraction from label references (HO)
)
(/usr/local/texlive/2021/texmf-dist/tex/generic/gettitlestring/gettitlestring.s
ty
Package: gettitlestring 2019/12/15 v1.6 Cleanup title references (HO)
)
\c@section@level=\count370
)
LaTeX Info: Redefining \ref on input line 260.
LaTeX Info: Redefining \pageref on input line 260.
LaTeX Info: Redefining \nameref on input line 260.

Package hyperref Warning: Rerun to get /PageLabels entry.

Package caption Info: Begin \AtBeginDocument code.
Package caption Info: changepage package is loaded.
\caption@adjustwidth@hsize=\dimen324
\caption@adjustwidth@linewidth=\dimen325
Package caption Info: End \AtBeginDocument code.
\@sidenotes@extrawidth=\skip87
Package microtype Info: Loading generic protrusion settings for font family
(microtype)             `lmss' (encoding: TU).
(microtype)             For optimal results, create family-specific settings.
(microtype)             See the microtype manual for details.
LaTeX Font Info:    Font shape `TU/latinmodern-math.otf(1)/m/n' will be
(Font)              scaled to size 14.4pt on input line 262.
LaTeX Font Info:    Font shape `TU/latinmodern-math.otf(1)/m/n' will be
(Font)              scaled to size 10.0pt on input line 262.
LaTeX Font Info:    Font shape `TU/latinmodern-math.otf(1)/m/n' will be
(Font)              scaled to size 7.0pt on input line 262.
LaTeX Font Info:    Trying to load font information for OML+lmm on input line 2
62.
(/usr/local/texlive/2021/texmf-dist/tex/latex/lm/omllmm.fd
File: omllmm.fd 2015/05/01 v1.6.1 Font defs for Latin Modern
)
LaTeX Font Info:    Font shape `TU/latinmodern-math.otf(2)/m/n' will be
(Font)              scaled to size 14.4013pt on input line 262.
LaTeX Font Info:    Font shape `TU/latinmodern-math.otf(2)/m/n' will be
(Font)              scaled to size 10.00092pt on input line 262.
LaTeX Font Info:    Font shape `TU/latinmodern-math.otf(2)/m/n' will be
(Font)              scaled to size 7.00064pt on input line 262.
LaTeX Font Info:    Font shape `TU/latinmodern-math.otf(3)/m/n' will be
(Font)              scaled to size 14.39845pt on input line 262.
LaTeX Font Info:    Font shape `TU/latinmodern-math.otf(3)/m/n' will be
(Font)              scaled to size 9.99893pt on input line 262.
LaTeX Font Info:    Font shape `TU/latinmodern-math.otf(3)/m/n' will be
(Font)              scaled to size 6.99925pt on input line 262.
LaTeX Font Info:    Trying to load font information for U+msa on input line 262
.
(/usr/local/texlive/2021/texmf-dist/tex/latex/amsfonts/umsa.fd
File: umsa.fd 2013/01/14 v3.01 AMS symbols A
) (/usr/local/texlive/2021/texmf-dist/tex/latex/microtype/mt-msa.cfg
File: mt-msa.cfg 2006/02/04 v1.1 microtype config. file: AMS symbols (a) (RS)
)
LaTeX Font Info:    Trying to load font information for U+msb on input line 262
.
(/usr/local/texlive/2021/texmf-dist/tex/latex/amsfonts/umsb.fd
File: umsb.fd 2013/01/14 v3.01 AMS symbols B
) (/usr/local/texlive/2021/texmf-dist/tex/latex/microtype/mt-msb.cfg
File: mt-msb.cfg 2005/06/01 v1.0 microtype config. file: AMS symbols (b) (RS)
) [1



]
Package tocbasic Info: character protrusion at toc deactivated on input line 26
8.
\tf@toc=\write7
\openout7 = `index.toc'.

[2

]

LaTeX Warning: Reference `sec-literatur' on page 3 undefined on input line 307.


File: ./images/youtube.png Graphic file (type bmp)
<./images/youtube.png>
[3

]
LaTeX Font Info:    Font shape `TU/latinmodern-math.otf(1)/m/n' will be
(Font)              scaled to size 7.665pt on input line 323.
LaTeX Font Info:    Font shape `TU/latinmodern-math.otf(1)/m/n' will be
(Font)              scaled to size 5.475pt on input line 323.
LaTeX Font Info:    Font shape `TU/latinmodern-math.otf(2)/m/n' will be
(Font)              scaled to size 10.95099pt on input line 323.
LaTeX Font Info:    Font shape `TU/latinmodern-math.otf(2)/m/n' will be
(Font)              scaled to size 7.66568pt on input line 323.
LaTeX Font Info:    Font shape `TU/latinmodern-math.otf(2)/m/n' will be
(Font)              scaled to size 5.4755pt on input line 323.
LaTeX Font Info:    Font shape `TU/latinmodern-math.otf(3)/m/n' will be
(Font)              scaled to size 10.94882pt on input line 323.
LaTeX Font Info:    Font shape `TU/latinmodern-math.otf(3)/m/n' will be
(Font)              scaled to size 7.66417pt on input line 323.
LaTeX Font Info:    Font shape `TU/latinmodern-math.otf(3)/m/n' will be
(Font)              scaled to size 5.47441pt on input line 323.
File: ./images/github.png Graphic file (type bmp)
<./images/github.png>
[4]
File: ./images/mail.png Graphic file (type bmp)
<./images/mail.png>
[5]
chapter 1.

Class scrreprt Warning: \float@addtolists detected!
(scrreprt)              Implementation of \float@addtolist became
(scrreprt)              deprecated in KOMA-Script v3.01 2008/11/14 and
(scrreprt)              has been replaced by several more flexible
(scrreprt)              features of package `tocbasic`.
(scrreprt)              Since Version 3.12 support for deprecated
(scrreprt)              \float@addtolist interface has been
(scrreprt)              restricted to only some of the KOMA-Script
(scrreprt)              features and been removed from others.
(scrreprt)              Loading of package `scrhack' may help to
(scrreprt)              avoid this warning, if you are using a
(scrreprt)              a package that still implements the
(scrreprt)              deprecated \float@addtolist interface.


LaTeX Warning: Reference `tbl-r-tutorium' on page 6 undefined on input line 417
.

[6

]

Package longtable Warning: Column widths have changed
(longtable)                in table 1.1 on input line 450.

Package marginnote Info: right page because not two side mode on input line 466
.
Package marginnote Info: xpos seems to be \@mn@currxpos  on input line 466.

LaTeX Warning: Reference `tbl-angebot' on page 7 undefined on input line 471.


Underfull \hbox (badness 3769) in paragraph at lines 476--481
[]\TU/lmr/m/n/10.95 Eine inhaltliche bersicht findet sich auf dem [][]Google
 []


Overfull \hbox (19.48386pt too wide) in paragraph at lines 496--497
[]\TU/lmr/m/n/10.95 Stufe  
 []


Overfull \hbox (21.04924pt too wide) in paragraph at lines 499--500
[]\TU/lmr/bx/n/10.95 Landwirtschaft; 
 []


Overfull \hbox (2.9489pt too wide) in paragraph at lines 501--502
[]\TU/lmr/bx/n/10.95 Wirtschafts- 
 []


Overfull \hbox (45.53725pt too wide) in paragraph at lines 503--504
[]\TU/lmr/bx/n/10.95 Bioverfahrenstechnik 
 []


Overfull \hbox (22.37753pt too wide) in paragraph at lines 505--506
[]\TU/lmr/bx/n/10.95 Angewandte 
 []


Overfull \hbox (5.15318pt too wide) in paragraph at lines 505--506
\TU/lmr/bx/n/10.95 Nutztier- 
 []


Overfull \hbox (19.48386pt too wide) in paragraph at lines 511--512
[]\TU/lmr/m/n/10.95 Stufe  
 []


Overfull \hbox (21.04924pt too wide) in paragraph at lines 514--515
[]\TU/lmr/bx/n/10.95 Landwirtschaft; 
 []


Overfull \hbox (2.9489pt too wide) in paragraph at lines 516--517
[]\TU/lmr/bx/n/10.95 Wirtschafts- 
 []


Overfull \hbox (45.53725pt too wide) in paragraph at lines 518--519
[]\TU/lmr/bx/n/10.95 Bioverfahrenstechnik 
 []


Overfull \hbox (22.37753pt too wide) in paragraph at lines 520--521
[]\TU/lmr/bx/n/10.95 Angewandte 
 []


Overfull \hbox (5.15318pt too wide) in paragraph at lines 520--521
\TU/lmr/bx/n/10.95 Nutztier- 
 []


Overfull \hbox (1.13167pt too wide) in paragraph at lines 524--524
[]|\TU/lmr/bx/n/10.95 1|  
 []


Overfull \hbox (1.13167pt too wide) in paragraph at lines 530--530
[]|\TU/lmr/bx/n/10.95 2|  
 []


Overfull \hbox (1.13167pt too wide) in paragraph at lines 535--535
[]|\TU/lmr/bx/n/10.95 3|  
 []


Overfull \hbox (9.29228pt too wide) in paragraph at lines 538--539
[]|[][]\TU/lmr/m/n/10.95 Biostatistik[][]|  
 []

[7] [8]
chapter 2.
File: ./images/dormann.jpg Graphic file (type bmp)
<./images/dormann.jpg>
File: ./images/cover_stat_for_biology.jpeg Graphic file (type bmp)
<./images/cover_stat_for_biology.jpeg>
[9

] [10]
File: ./images/hadley.png Graphic file (type bmp)
<./images/hadley.png>
File: ./images/practical.jpg Graphic file (type bmp)
<./images/practical.jpg>
[11]
File: ./images/dsfair.png Graphic file (type bmp)
<./images/dsfair.png>
File: ./images/odds_and_ends.PNG Graphic file (type bmp)
<./images/odds_and_ends.PNG>
[12] [13]
chapter 3.
File: ./images/angel_01.png Graphic file (type bmp)
<./images/angel_01.png>
[14

]

LaTeX Warning: Reference `fig-boxplot-preface' on page 15 undefined on input li
ne 742.


LaTeX Warning: Reference `fig-boxplot-preface' on page 15 undefined on input li
ne 743.

File: ./preface_files/figure-pdf/fig-boxplot-preface-1.pdf Graphic file (type p
df)
<use ./preface_files/figure-pdf/fig-boxplot-preface-1.pdf>

LaTeX Warning: Reference `fig-boxplot-preface' on page 15 undefined on input li
ne 763.

[15] [16]

LaTeX Warning: Reference `sec-r-tutorium' on page 17 undefined on input line 84
5.

[17]
Package marginnote Info: right page because not two side mode on input line 870
.
Package marginnote Info: xpos seems to be \@mn@currxpos  on input line 870.
Package marginnote Info: right page because not two side mode on input line 874
.
Package marginnote Info: xpos seems to be \@mn@currxpos  on input line 874.
LaTeX Font Info:    Font shape `TU/latinmodern-math.otf(1)/m/n' will be
(Font)              scaled to size 9.0pt on input line 874.
LaTeX Font Info:    Font shape `TU/latinmodern-math.otf(1)/m/n' will be
(Font)              scaled to size 6.0pt on input line 874.
LaTeX Font Info:    Font shape `TU/latinmodern-math.otf(1)/m/n' will be
(Font)              scaled to size 5.0pt on input line 874.
LaTeX Font Info:    Font shape `TU/latinmodern-math.otf(2)/m/n' will be
(Font)              scaled to size 9.00082pt on input line 874.
LaTeX Font Info:    Font shape `TU/latinmodern-math.otf(2)/m/n' will be
(Font)              scaled to size 6.00055pt on input line 874.
LaTeX Font Info:    Font shape `TU/latinmodern-math.otf(2)/m/n' will be
(Font)              scaled to size 5.00046pt on input line 874.
LaTeX Font Info:    Font shape `TU/latinmodern-math.otf(3)/m/n' will be
(Font)              scaled to size 8.99904pt on input line 874.
LaTeX Font Info:    Font shape `TU/latinmodern-math.otf(3)/m/n' will be
(Font)              scaled to size 5.99936pt on input line 874.
LaTeX Font Info:    Font shape `TU/latinmodern-math.otf(3)/m/n' will be
(Font)              scaled to size 4.99947pt on input line 874.

LaTeX Warning: Reference `fig-preface-pois-1' on page 18 undefined on input lin
e 891.


LaTeX Warning: Reference `sec-poisson' on page 18 undefined on input line 893.

File: ./preface_files/figure-pdf/fig-preface-pois-1-1.pdf Graphic file (type pd
f)
<use ./preface_files/figure-pdf/fig-preface-pois-1-1.pdf>
Package marginnote Info: right page because not two side mode on input line 910
.
Package marginnote Info: xpos seems to be \@mn@currxpos  on input line 910.

LaTeX Warning: Reference `fig-preface-normal-1' on page 18 undefined on input l
ine 924.


LaTeX Warning: Reference `sec-normal' on page 18 undefined on input line 925.

[18]
Package marginnote Info: right page because not two side mode on input line 933
.
Package marginnote Info: xpos seems to be \@mn@currxpos  on input line 933.
File: ./preface_files/figure-pdf/fig-preface-normal-1-1.pdf Graphic file (type 
pdf)
<use ./preface_files/figure-pdf/fig-preface-normal-1-1.pdf>
[19]
Package marginnote Info: right page because not two side mode on input line 984
.
Package marginnote Info: xpos seems to be \@mn@currxpos  on input line 984.

LaTeX Warning: Reference `fig-grundgesamtheit-schema' on page 20 undefined on i
nput line 996.

[20]
File: ./images/preface-grundgesamtheit.png Graphic file (type bmp)
<./images/preface-grundgesamtheit.png>

LaTeX Warning: Reference `tbl-grundgesamtheit-stichprobe' on page 21 undefined 
on input line 1019.

[21] [22]
part I.
Package scrkbase Info: You've told me to use the font selection of the element
(scrkbase)             `partprefix' that is an alias of element `partnumber'
(scrkbase)              on input line 1058.
[23

]

LaTeX Warning: Reference `sec-example-1' on page 24 undefined on input line 107
9.


LaTeX Warning: Reference `sec-example-2' on page 24 undefined on input line 109
1.


LaTeX Warning: Reference `sec-example-1' on page 24 undefined on input line 109
2.


LaTeX Warning: Reference `sec-example-3' on page 24 undefined on input line 110
2.

[24]

LaTeX Warning: Reference `sec-example-4' on page 25 undefined on input line 111
4.


LaTeX Warning: Reference `sec-example-3' on page 25 undefined on input line 111
5.

[25]
chapter 4.

LaTeX Warning: Reference `tbl-dog-long' on page 26 undefined on input line 1160
.

[26

] [27]
chapter 5.

LaTeX Warning: Reference `sec-example-1' on page 28 undefined on input line 119
9.


LaTeX Warning: Reference `tbl-dog-cat-wide' on page 28 undefined on input line 
1225.

[28

]

Package longtable Warning: Column widths have changed
(longtable)                in table 5.1 on input line 1248.


LaTeX Warning: Reference `tbl-dog-cat-wide' on page 29 undefined on input line 
1250.


LaTeX Warning: Reference `tbl-dog-cat-wide' on page 29 undefined on input line 
1252.


LaTeX Warning: Reference `tbl-dog-cat-wide' on page 29 undefined on input line 
1255.


LaTeX Warning: Reference `tbl-dog-cat-long' on page 29 undefined on input line 
1256.

[29] [30]
chapter 6.
[31

] [32]
chapter 7.

LaTeX Warning: Reference `tbl-example-4' on page 33 undefined on input line 135
4.


LaTeX Warning: Reference `fig-example-4' on page 33 undefined on input line 135
5.

[33

] [34] [35]

Package longtable Warning: Column widths have changed
(longtable)                in table 7.1 on input line 1490.

Package marginnote Info: right page because not two side mode on input line 149
3.
Package marginnote Info: xpos seems to be \@mn@currxpos  on input line 1493.

LaTeX Warning: Reference `sec-eda-ggplot' on page 36 undefined on input line 14
93.


LaTeX Warning: Reference `fig-example-4' on page 36 undefined on input line 149
8.

File: ./example-fleas-dogs-cats-foxes-site_files/figure-pdf/fig-example-4-1.pdf
 Graphic file (type pdf)
<use ./example-fleas-dogs-cats-foxes-site_files/figure-pdf/fig-example-4-1.pdf>

[36] [37]
chapter 8.

LaTeX Warning: Reference `tbl-example-5' on page 38 undefined on input line 152
6.


LaTeX Warning: Reference `fig-example-5' on page 38 undefined on input line 152
7.


Package longtable Warning: Column widths have changed
(longtable)                in table 8.1 on input line 1552.

Package marginnote Info: right page because not two side mode on input line 155
5.
Package marginnote Info: xpos seems to be \@mn@currxpos  on input line 1555.

LaTeX Warning: Reference `sec-eda-ggplot' on page 38 undefined on input line 15
55.


LaTeX Warning: Reference `fig-example-5' on page 38 undefined on input line 156
0.

File: ./example-fleas-dogs-cats-length-weight_files/figure-pdf/fig-example-5-1.
pdf Graphic file (type pdf)
<use ./example-fleas-dogs-cats-length-weight_files/figure-pdf/fig-example-5-1.p
df>

Overfull \hbox (0.69641pt too wide) in paragraph at lines 1575--1579
[]\TU/lmr/m/n/10.95 Du findest die Datei \TU/lmtt/m/n/10.95 flea_dog_cat_length
_weight.xlsx
 []

[38

] [39]
part II.
Package scrkbase Info: You've told me to use the font selection of the element
(scrkbase)             `partprefix' that is an alias of element `partnumber'
(scrkbase)              on input line 1581.
[40

]

LaTeX Warning: Reference `sec-basics' on page 41 undefined on input line 1586.


LaTeX Warning: Reference `sec-letter-number' on page 41 undefined on input line
 1590.


LaTeX Warning: Reference `tbl-dog-cat-long' on page 41 undefined on input line 
1593.


LaTeX Warning: Reference `tbl-dog-cat-long' on page 41 undefined on input line 
1596.

[41]
chapter 9.

LaTeX Warning: Reference `sec-example-2' on page 42 undefined on input line 161
3.


LaTeX Warning: Reference `tbl-dog-cat-letter' on page 42 undefined on input lin
e 1614.


LaTeX Warning: Reference `tbl-dog-cat-letter' on page 42 undefined on input lin
e 1616.


LaTeX Warning: Reference `tbl-dog-cat-letter' on page 42 undefined on input lin
e 1651.


LaTeX Warning: Reference `tbl-dog-cat-letter' on page 42 undefined on input lin
e 1654.

[42

]
LaTeX Font Info:    Font shape `TU/lmtt/bx/n' in size <14.4> not available
(Font)              Font shape `TU/lmtt/b/n' tried instead on input line 1661.

LaTeX Warning: Reference `tbl-dog-cat-letter' on page 43 undefined on input lin
e 1663.

[43]
Package marginnote Info: right page because not two side mode on input line 173
4.
Package marginnote Info: xpos seems to be \@mn@currxpos  on input line 1734.

LaTeX Warning: Reference `tbl-dog-cat-letter' on page 44 undefined on input lin
e 1738.

Package marginnote Info: right page because not two side mode on input line 177
1.
Package marginnote Info: xpos seems to be \@mn@currxpos  on input line 1771.

LaTeX Warning: Reference `sec-R-function' on page 44 undefined on input line 17
71.

[44]
Package marginnote Info: right page because not two side mode on input line 180
4.
Package marginnote Info: xpos seems to be \@mn@currxpos  on input line 1804.

LaTeX Font Warning: Command \small invalid in math mode on input line 1804.

[45]
Package marginnote Info: right page because not two side mode on input line 183
2.
Package marginnote Info: xpos seems to be \@mn@currxpos  on input line 1832.

LaTeX Warning: Reference `sec-R-pfeil' on page 46 undefined on input line 1832.



Overfull \hbox (5.96783pt too wide) in paragraph at lines 1854--1855
[]\TU/lmtt/m/n/10.95 Fehler in eval(expr, envir, enclos) : Objekt []animal[]
 []

Package marginnote Info: right page because not two side mode on input line 186
1.
Package marginnote Info: xpos seems to be \@mn@currxpos  on input line 1861.

LaTeX Warning: Reference `tbl-skalenniveau' on page 46 undefined on input line 
1863.


Overfull \hbox (42.62057pt too wide) in paragraph at lines 1885--1886
[]\TU/lmr/m/n/10.95 Variablenname  
 []


Overfull \hbox (12.43936pt too wide) in paragraph at lines 1891--1892
[]\TU/lmr/m/n/10.95 Infomatik  
 []


Overfull \hbox (47.57104pt too wide) in paragraph at lines 1895--1896
[]\TU/lmr/m/n/10.95 Verteilungsfamilie  
 []


Overfull \hbox (42.62057pt too wide) in paragraph at lines 1901--1902
[]\TU/lmr/m/n/10.95 Variablenname  
 []


Overfull \hbox (12.43936pt too wide) in paragraph at lines 1907--1908
[]\TU/lmr/m/n/10.95 Infomatik  
 []


Overfull \hbox (47.57104pt too wide) in paragraph at lines 1911--1912
[]\TU/lmr/m/n/10.95 Verteilungsfamilie  
 []


Overfull \hbox (2.8283pt too wide) in paragraph at lines 1915--1915
[]|\TU/lmr/m/n/10.95 weight|  
 []


Overfull \hbox (17.37997pt too wide) in paragraph at lines 1915--1915
[]|\TU/lmr/m/n/10.95 numeric|  
 []


Overfull \hbox (5.7968pt too wide) in paragraph at lines 1916--1917
[]|\TU/lmr/m/n/10.95 Gaussian|  
 []


Overfull \hbox (11.90498pt too wide) in paragraph at lines 1917--1917
[]|\TU/lmr/m/n/10.95 integer|  
 []


Overfull \hbox (15.28853pt too wide) in paragraph at lines 1919--1919
[]|\TU/lmr/m/n/10.95 ordered|  
 []


Overfull \hbox (7.04318pt too wide) in paragraph at lines 1921--1921
[]|\TU/lmr/m/n/10.95 factor|  
 []


Overfull \hbox (21.1268pt too wide) in paragraph at lines 1922--1923
[]|\TU/lmr/m/n/10.95 Multinomial|  
 []


Overfull \hbox (2.24794pt too wide) in paragraph at lines 1923--1923
[]|\TU/lmr/m/n/10.95 cancer|  
 []


Overfull \hbox (7.04318pt too wide) in paragraph at lines 1923--1923
[]|\TU/lmr/m/n/10.95 factor|  
 []


Overfull \hbox (5.4464pt too wide) in paragraph at lines 1923--1924
[]|\TU/lmr/m/n/10.95 Binomial|  
 []


Overfull \hbox (18.97954pt too wide) in paragraph at lines 1924--1924
[]|\TU/lmr/m/n/10.95 treatment|  
 []


Overfull \hbox (23.49007pt too wide) in paragraph at lines 1924--1924
[]|\TU/lmr/m/n/10.95 character|  
 []


Overfull \hbox (43.28549pt too wide) in paragraph at lines 1924--1924
[]|\TU/lmr/m/n/10.95 character/string|  
 []


Overfull \hbox (5.4464pt too wide) in paragraph at lines 1925--1926
[]|\TU/lmr/m/n/10.95 Binomial|  
 []

[46] [47]
chapter 10.

LaTeX Warning: Reference `sec-R-packages' on page 48 undefined on input line 19
46.


LaTeX Warning: Reference `sec-R-vector' on page 48 undefined on input line 1949
.


LaTeX Warning: Reference `sec-R-function' on page 48 undefined on input line 19
52.


LaTeX Warning: Reference `sec-R-pfeil' on page 48 undefined on input line 1955.



LaTeX Warning: Reference `sec-R-pipe' on page 48 undefined on input line 1958.


LaTeX Warning: Reference `sec-dollar' on page 48 undefined on input line 1962.


LaTeX Warning: Reference `sec-formula' on page 48 undefined on input line 1966.



LaTeX Warning: Reference `sec-R-help' on page 48 undefined on input line 1969.

Package marginnote Info: right page because not two side mode on input line 198
3.
Package marginnote Info: xpos seems to be \@mn@currxpos  on input line 1983.
[48

]
File: ./images/programing_01.PNG Graphic file (type bmp)
<./images/programing_01.PNG>

LaTeX Warning: Reference `fig-pro-01' on page 49 undefined on input line 2004.


LaTeX Warning: Reference `fig-pro-01' on page 49 undefined on input line 2008.

[49]
Underfull \hbox (badness 1189) in paragraph at lines 2064--2068
\TU/lmr/m/n/10.95 in einen Vektor kombiniert. Wir erinnern uns an das \TU/lmtt/
m/n/10.95 $
 []


LaTeX Warning: Reference `sec-R-packages' on page 50 undefined on input line 20
74.

[50]
Underfull \hbox (badness 2050) in paragraph at lines 2095--2102
[]\TU/lmr/m/n/10.95 Wir sehen, dass wir mit der Funktion \TU/lmtt/m/n/10.95 c()
 \TU/lmr/m/n/10.95 die Zahlen
 []

Package marginnote Info: right page because not two side mode on input line 210
6.
Package marginnote Info: xpos seems to be \@mn@currxpos  on input line 2106.
[51]
Package marginnote Info: right page because not two side mode on input line 215
3.
Package marginnote Info: xpos seems to be \@mn@currxpos  on input line 2153.

LaTeX Warning: Reference `sec-dplyr' on page 52 undefined on input line 2176.

[52]
Overfull \hbox (69.20407pt too wide) in paragraph at lines 2189--2189
[] \TU/lmtt/m/n/10.95 [1]  4.1  4.3  5.4  5.6  5.7  6.1  7.6  7.9  8.2  8.9  9.
1 11.8[] 
 []


Overfull \hbox (69.20407pt too wide) in paragraph at lines 2203--2203
[] \TU/lmtt/m/n/10.95 [1]  4.1  4.3  5.4  5.6  5.7  6.1  7.6  7.9  8.2  8.9  9.
1 11.8[] 
 []


Overfull \hbox (138.18906pt too wide) in paragraph at lines 2231--2231
[] \TU/lmtt/m/n/10.95 [1] "dog" "dog" "dog" "dog" "dog" "dog" "dog" "cat" "cat"
 "cat" "cat" "cat"[] 
 []

[53]
Overfull \hbox (138.18906pt too wide) in paragraph at lines 2248--2248
[] \TU/lmtt/m/n/10.95 [1] "dog" "dog" "dog" "dog" "dog" "dog" "dog" "cat" "cat"
 "cat" "cat" "cat"[] 
 []


Overfull \hbox (126.69156pt too wide) in paragraph at lines 2259--2259
[] \TU/lmtt/m/n/10.95 [1]  5.7  8.9 11.8  8.2  5.6  9.1  7.6  3.2  2.2  5.4  4.
1  4.3  7.9  6.1[] 
 []


LaTeX Warning: Reference `sec-example-2' on page 54 undefined on input line 228
0.

[54]
File: ./images/basics-help.png Graphic file (type bmp)
<./images/basics-help.png>
[55]
chapter 11.
Package marginnote Info: right page because not two side mode on input line 234
6.
Package marginnote Info: xpos seems to be \@mn@currxpos  on input line 2346.

LaTeX Warning: Reference `sec-beispiel-auswertung' on page 56 undefined on inpu
t line 2346.


LaTeX Warning: Reference `sec-r-tutorium' on page 56 undefined on input line 23
54.


LaTeX Warning: Reference `sec-format' on page 56 undefined on input line 2361.


LaTeX Warning: Reference `sec-pfad' on page 56 undefined on input line 2363.


LaTeX Warning: Reference `sec-umlaute' on page 56 undefined on input line 2366.



LaTeX Warning: Reference `sec-spalten' on page 56 undefined on input line 2369.


Package marginnote Info: right page because not two side mode on input line 239
9.
Package marginnote Info: xpos seems to be \@mn@currxpos  on input line 2399.
[56

]

LaTeX Warning: Reference `tbl-imp-cat-dog-wide' on page 57 undefined on input l
ine 2410.


Package longtable Warning: Column widths have changed
(longtable)                in table 11.1 on input line 2435.

[57]
Package marginnote Info: right page because not two side mode on input line 246
3.
Package marginnote Info: xpos seems to be \@mn@currxpos  on input line 2463.

LaTeX Warning: Reference `tbl-imp-cat-dog-wide' on page 58 undefined on input l
ine 2466.


LaTeX Warning: Reference `fig-imp-long' on page 58 undefined on input line 2475
.

File: ./images/import_03.PNG Graphic file (type bmp)
<./images/import_03.PNG>
[58]

LaTeX Warning: Reference `tbl-imp-complex-long' on page 59 undefined on input l
ine 2531.


Underfull \hbox (badness 2875) in paragraph at lines 2542--2542
[][][]|[]\TU/lmr/m/n/10.95 Komplexeres Datenbeispiel im Wide Format
 []


Overfull \hbox (7.372pt too wide) in alignment at lines 2550--2568
 [] [] [] [] [] [] [] [] 
 []

[59]

Package longtable Warning: Column widths have changed
(longtable)                in table 11.2 on input line 2568.


LaTeX Warning: Reference `tbl-imp-complex-long' on page 60 undefined on input l
ine 2571.


Underfull \hbox (badness 2521) in paragraph at lines 2570--2577
\TU/lmtt/m/n/10.95 block \TU/lmr/m/n/10.95 werden dann sechs Mal wiederholt unt
ereinander
 []

[60]

LaTeX Warning: Reference `fig-imp-01' on page 61 undefined on input line 2610.

File: ./images/import_01.PNG Graphic file (type bmp)
<./images/import_01.PNG>
[61]

LaTeX Warning: Reference `fig-imp-02' on page 62 undefined on input line 2636.

File: ./images/import_02.PNG Graphic file (type bmp)
<./images/import_02.PNG>
[62]

LaTeX Warning: Reference `fig-imp-03' on page 63 undefined on input line 2684.

File: ./images/import_03.PNG Graphic file (type bmp)
<./images/import_03.PNG>

Underfull \hbox (badness 1430) in paragraph at lines 2699--2699
[][][]|[]\TU/lmr/m/n/10.95 Beispiel fr eine gute (Excel)Datentabelle.
 []

[63] [64] [65]
chapter 12.

Underfull \hbox (badness 1983) in paragraph at lines 2765--2770
\TU/lmr/m/n/10.95 werde ich immer wieder Funktionen wie \TU/lmtt/m/n/10.95 sele
ct()\TU/lmr/m/n/10.95 ,
 []


LaTeX Warning: Reference `tbl-dog-cat-dplyr' on page 66 undefined on input line
 2785.

[66

] [67]
Package marginnote Info: right page because not two side mode on input line 285
1.
Package marginnote Info: xpos seems to be \@mn@currxpos  on input line 2851.
[68]
Package marginnote Info: right page because not two side mode on input line 292
7.
Package marginnote Info: xpos seems to be \@mn@currxpos  on input line 2927.
[69]

LaTeX Warning: Reference `tbl-logical-operators' on page 70 undefined on input 
line 2969.

[70] [71]
Package marginnote Info: right page because not two side mode on input line 312
1.
Package marginnote Info: xpos seems to be \@mn@currxpos  on input line 3121.
[72]
Overfull \hbox (161.18405pt too wide) in paragraph at lines 3145--3145
[] \TU/lmtt/m/n/10.95 [1] dog dog dog dog dog dog dog cat cat cat cat cat cat c
at fox fox fox fox fox[] 
 []


Overfull \hbox (161.18405pt too wide) in paragraph at lines 3163--3163
[] \TU/lmtt/m/n/10.95 [1] dog dog dog dog dog dog dog cat cat cat cat cat cat c
at fox fox fox fox fox[] 
 []


Overfull \hbox (132.4403pt too wide) in paragraph at lines 3183--3183
[] \TU/lmtt/m/n/10.95 [1] Katze Katze Katze Katze Katze Katze Katze Hund  Hund 
 Hund  Hund  Hund[] 
 []


Overfull \hbox (34.71158pt too wide) in paragraph at lines 3184--3184
[]\TU/lmtt/m/n/10.95 [13] Hund  Hund  Fuchs Fuchs Fuchs Fuchs Fuchs Fuchs Fuchs
[] 
 []

[73] [74]

LaTeX Warning: Reference `sec-desc-group-by' on page 75 undefined on input line
 3240.


Overfull \hbox (155.4353pt too wide) in paragraph at lines 3266--3266
[]\TU/lmtt/m/n/10.95 $ animal      <chr> "dog", "dog", "dog", "dog", "dog", "do
g", "dog", "cat", "c~[] 
 []


Overfull \hbox (155.4353pt too wide) in paragraph at lines 3267--3267
[]\TU/lmtt/m/n/10.95 $ jump_length <dbl> 5.7, 8.9, 11.8, 8.2, 5.6, 9.1, 7.6, 3.
2, 2.2, 5.4, 4.1, 4.~[] 
 []


Overfull \hbox (155.4353pt too wide) in paragraph at lines 3268--3268
[]\TU/lmtt/m/n/10.95 $ flea_count  <dbl> 18, 22, 17, 12, 23, 18, 21, 12, 13, 11
, 12, 16, 9, 7, 21, ~[] 
 []


Overfull \hbox (155.4353pt too wide) in paragraph at lines 3269--3269
[]\TU/lmtt/m/n/10.95 $ grade       <dbl> 8, 8, 6, 8, 7, 7, 9, 7, 5, 7, 6, 6, 6,
 5, 5, 4, 4, 5, 4, 4~[] 
 []


Overfull \hbox (155.4353pt too wide) in paragraph at lines 3270--3270
[]\TU/lmtt/m/n/10.95 $ infected    <dbl> 0, 1, 1, 0, 1, 0, 0, 1, 0, 0, 0, 1, 0,
 0, 1, 1, 1, 1, 0, 1~[] 
 []

[75]
Overfull \hbox (11.71658pt too wide) in paragraph at lines 3281--3281
[] \TU/lmtt/m/n/10.95 $ animal     : chr [1:21] "dog" "dog" "dog" "dog" ...[] 
 []


Overfull \hbox (109.44531pt too wide) in paragraph at lines 3282--3282
[] \TU/lmtt/m/n/10.95 $ jump_length: num [1:21] 5.7 8.9 11.8 8.2 5.6 9.1 7.6 3.
2 2.2 5.4 ...[] 
 []


Overfull \hbox (46.20908pt too wide) in paragraph at lines 3283--3283
[] \TU/lmtt/m/n/10.95 $ flea_count : num [1:21] 18 22 17 12 23 18 21 12 13 11 .
..[] 
 []

[76]
part III.
Package scrkbase Info: You've told me to use the font selection of the element
(scrkbase)             `partprefix' that is an alias of element `partnumber'
(scrkbase)              on input line 3288.
[77

]
Package marginnote Info: right page because not two side mode on input line 329
2.
Package marginnote Info: xpos seems to be \@mn@currxpos  on input line 3292.
[78]
chapter 13.
Package marginnote Info: right page because not two side mode on input line 331
5.
Package marginnote Info: xpos seems to be \@mn@currxpos  on input line 3315.

Underfull \hbox (badness 10000) in paragraph at lines 3352--3355
[]\TU/lmr/m/n/10.95 Wenn wir einen Zahlenvektor wie durch $[] []$
 []


Underfull \hbox (badness 10000) in paragraph at lines 3352--3355
$[][][][][] [][][][] [][][][][] [][][][] [][][][] [][][][] [][][][]$ \TU/lmr/m/
n/10.95 beschrieben zusam-
 []

[79

]
Package marginnote Info: right page because not two side mode on input line 338
1.
Package marginnote Info: xpos seems to be \@mn@currxpos  on input line 3381.
File: ./images/angel_01.png Graphic file (type bmp)
<./images/angel_01.png>

LaTeX Warning: Reference `fig-index-drawn' on page 80 undefined on input line 3
407.

File: ./images/index-drawn.png Graphic file (type bmp)
<./images/index-drawn.png>
[80] [81]
Package marginnote Info: right page because not two side mode on input line 346
0.
Package marginnote Info: xpos seems to be \@mn@currxpos  on input line 3460.
[82]
Package marginnote Info: right page because not two side mode on input line 350
8.
Package marginnote Info: xpos seems to be \@mn@currxpos  on input line 3508.
Package marginnote Info: right page because not two side mode on input line 355
0.
Package marginnote Info: xpos seems to be \@mn@currxpos  on input line 3550.
[83]

LaTeX Warning: Reference `fig-mean-drawn' on page 84 undefined on input line 35
74.

File: ./images/mean-drawn.png Graphic file (type bmp)
<./images/mean-drawn.png>
LaTeX Font Info:    Font shape `TU/latinmodern-math.otf(1)/b/n' will be
(Font)              scaled to size 10.95pt on input line 3614.
LaTeX Font Info:    Font shape `TU/latinmodern-math.otf(1)/b/n' will be
(Font)              scaled to size 7.665pt on input line 3614.
LaTeX Font Info:    Font shape `TU/latinmodern-math.otf(1)/b/n' will be
(Font)              scaled to size 5.475pt on input line 3614.
LaTeX Font Info:    Font shape `TU/latinmodern-math.otf(2)/b/n' will be
(Font)              scaled to size 10.95099pt on input line 3614.
LaTeX Font Info:    Font shape `TU/latinmodern-math.otf(2)/b/n' will be
(Font)              scaled to size 7.66568pt on input line 3614.
LaTeX Font Info:    Font shape `TU/latinmodern-math.otf(2)/b/n' will be
(Font)              scaled to size 5.4755pt on input line 3614.
LaTeX Font Info:    Font shape `TU/latinmodern-math.otf(3)/b/n' will be
(Font)              scaled to size 10.94882pt on input line 3614.
LaTeX Font Info:    Font shape `TU/latinmodern-math.otf(3)/b/n' will be
(Font)              scaled to size 7.66417pt on input line 3614.
LaTeX Font Info:    Font shape `TU/latinmodern-math.otf(3)/b/n' will be
(Font)              scaled to size 5.47441pt on input line 3614.

Overfull \hbox (3.4742pt too wide) in paragraph at lines 3624--3624
 []|\TU/lmr/m/n/10.95 11.8| 
 []

[84] [85]
Package marginnote Info: right page because not two side mode on input line 365
1.
Package marginnote Info: xpos seems to be \@mn@currxpos  on input line 3651.
Package marginnote Info: right page because not two side mode on input line 367
2.
Package marginnote Info: xpos seems to be \@mn@currxpos  on input line 3672.
Runaway argument?
 \FunctionTok {lm}\NormalTok {(val\_vec }\SpecialCharTok {\textasciitilde \ETC.
! Paragraph ended before \FV@BeginScanning was complete.
<to be read again> 
                   \par 
l.3672 
        
Here is how much of TeX's memory you used:
 41448 strings out of 476919
 829585 string characters out of 5821839
 1507971 words of memory out of 5000000
 60703 multiletter control sequences out of 15000+600000
 414397 words of font info for 115 fonts, out of 8000000 for 9000
 1348 hyphenation exceptions out of 8191
 125i,16n,130p,10610b,994s stack positions out of 5000i,500n,10000p,200000b,80000s

Output written on index.pdf (85 pages).
